****                   ADMIXTURE Version 1.3.0                  ****
****                    Copyright 2008-2015                     ****
****           David Alexander, Suyash Shringarpure,            ****
****                John  Novembre, Ken Lange                   ****
****                                                            ****
****                 Please cite our paper!                     ****
****   Information at www.genetics.ucla.edu/software/admixture  ****

Cross-validation will be performed.  Folds=10.
Parallel execution requested.  Will use 8 threads.
Random seed: 43
Point estimation method: Block relaxation algorithm
Convergence acceleration algorithm: QuasiNewton, 3 secant conditions
Point estimation will terminate when objective function delta < 0.0001
Will perform 2000 bootstrap resamplings to estimate standard errors.
Reestimation for each bootstrap replicate will terminate at 3 iterations
Size of G: 241x831
Average base pair separation between consecutive markers: 0.0759036
Block size that will be used for block bootstrap: 131746032
Performing five EM steps to prime main algorithm
1 (EM) 	Elapsed: 0.054	Loglikelihood: -120377	(delta): 136220
2 (EM) 	Elapsed: 0.055	Loglikelihood: -114394	(delta): 5983.25
3 (EM) 	Elapsed: 0.065	Loglikelihood: -113075	(delta): 1318.15
4 (EM) 	Elapsed: 0.054	Loglikelihood: -111958	(delta): 1117.61
5 (EM) 	Elapsed: 0.054	Loglikelihood: -110569	(delta): 1389.21
Initial loglikelihood: -110569
Starting main algorithm
1 (QN/Block) 	Elapsed: 0.066	Loglikelihood: -78773.4	(delta): 31795.1
2 (QN/Block) 	Elapsed: 0.06	Loglikelihood: -75516.5	(delta): 3256.89
3 (QN/Block) 	Elapsed: 0.06	Loglikelihood: -73908.9	(delta): 1607.69
4 (QN/Block) 	Elapsed: 0.062	Loglikelihood: -73270.9	(delta): 637.984
5 (QN/Block) 	Elapsed: 0.059	Loglikelihood: -73005.9	(delta): 264.983
6 (QN/Block) 	Elapsed: 0.058	Loglikelihood: -72864.9	(delta): 141.022
7 (QN/Block) 	Elapsed: 0.059	Loglikelihood: -72783.3	(delta): 81.5407
8 (QN/Block) 	Elapsed: 0.06	Loglikelihood: -72727.6	(delta): 55.7744
9 (QN/Block) 	Elapsed: 0.06	Loglikelihood: -72694.3	(delta): 33.2375
10 (QN/Block) 	Elapsed: 0.059	Loglikelihood: -72674.6	(delta): 19.6746
11 (QN/Block) 	Elapsed: 0.059	Loglikelihood: -72661.7	(delta): 12.9516
12 (QN/Block) 	Elapsed: 0.058	Loglikelihood: -72648.4	(delta): 13.3359
13 (QN/Block) 	Elapsed: 0.061	Loglikelihood: -72629	(delta): 19.3042
14 (QN/Block) 	Elapsed: 0.058	Loglikelihood: -72615.6	(delta): 13.4872
15 (QN/Block) 	Elapsed: 0.06	Loglikelihood: -72605	(delta): 10.5342
16 (QN/Block) 	Elapsed: 0.061	Loglikelihood: -72596.8	(delta): 8.19523
17 (QN/Block) 	Elapsed: 0.061	Loglikelihood: -72590.5	(delta): 6.29523
18 (QN/Block) 	Elapsed: 0.06	Loglikelihood: -72586.7	(delta): 3.87454
19 (QN/Block) 	Elapsed: 0.074	Loglikelihood: -72583.1	(delta): 3.60012
20 (QN/Block) 	Elapsed: 0.064	Loglikelihood: -72577.2	(delta): 5.90844
21 (QN/Block) 	Elapsed: 0.064	Loglikelihood: -72571.3	(delta): 5.81018
22 (QN/Block) 	Elapsed: 0.07	Loglikelihood: -72567.4	(delta): 3.95669
23 (QN/Block) 	Elapsed: 0.062	Loglikelihood: -72562.7	(delta): 4.67636
24 (QN/Block) 	Elapsed: 0.06	Loglikelihood: -72557	(delta): 5.6828
25 (QN/Block) 	Elapsed: 0.066	Loglikelihood: -72549.6	(delta): 7.42603
26 (QN/Block) 	Elapsed: 0.064	Loglikelihood: -72543.5	(delta): 6.06228
27 (QN/Block) 	Elapsed: 0.064	Loglikelihood: -72539.8	(delta): 3.76229
28 (QN/Block) 	Elapsed: 0.071	Loglikelihood: -72537.4	(delta): 2.37396
29 (QN/Block) 	Elapsed: 0.067	Loglikelihood: -72533.8	(delta): 3.62236
30 (QN/Block) 	Elapsed: 0.06	Loglikelihood: -72531.6	(delta): 2.18983
31 (QN/Block) 	Elapsed: 0.058	Loglikelihood: -72527.7	(delta): 3.88118
32 (QN/Block) 	Elapsed: 0.061	Loglikelihood: -72524.2	(delta): 3.49492
33 (QN/Block) 	Elapsed: 0.064	Loglikelihood: -72522.9	(delta): 1.3276
34 (QN/Block) 	Elapsed: 0.062	Loglikelihood: -72521.6	(delta): 1.24249
35 (QN/Block) 	Elapsed: 0.06	Loglikelihood: -72520.9	(delta): 0.732121
36 (QN/Block) 	Elapsed: 0.06	Loglikelihood: -72518.4	(delta): 2.54134
37 (QN/Block) 	Elapsed: 0.061	Loglikelihood: -72513.7	(delta): 4.64191
38 (QN/Block) 	Elapsed: 0.063	Loglikelihood: -72509.4	(delta): 4.36824
39 (QN/Block) 	Elapsed: 0.062	Loglikelihood: -72499.4	(delta): 9.99162
40 (QN/Block) 	Elapsed: 0.062	Loglikelihood: -72492.1	(delta): 7.21881
41 (QN/Block) 	Elapsed: 0.063	Loglikelihood: -72485.9	(delta): 6.21974
42 (QN/Block) 	Elapsed: 0.064	Loglikelihood: -72480.9	(delta): 5.04934
43 (QN/Block) 	Elapsed: 0.061	Loglikelihood: -72478	(delta): 2.83725
44 (QN/Block) 	Elapsed: 0.063	Loglikelihood: -72476.8	(delta): 1.22164
45 (QN/Block) 	Elapsed: 0.063	Loglikelihood: -72475.5	(delta): 1.28826
46 (QN/Block) 	Elapsed: 0.063	Loglikelihood: -72473.8	(delta): 1.77712
47 (QN/Block) 	Elapsed: 0.062	Loglikelihood: -72470	(delta): 3.74903
48 (QN/Block) 	Elapsed: 0.063	Loglikelihood: -72465.7	(delta): 4.31718
49 (QN/Block) 	Elapsed: 0.066	Loglikelihood: -72464.6	(delta): 1.06557
50 (QN/Block) 	Elapsed: 0.083	Loglikelihood: -72463.7	(delta): 0.97305
51 (QN/Block) 	Elapsed: 0.063	Loglikelihood: -72462.5	(delta): 1.18165
52 (QN/Block) 	Elapsed: 0.063	Loglikelihood: -72461.1	(delta): 1.40459
53 (QN/Block) 	Elapsed: 0.063	Loglikelihood: -72460.6	(delta): 0.45853
54 (QN/Block) 	Elapsed: 0.06	Loglikelihood: -72459.7	(delta): 0.877876
55 (QN/Block) 	Elapsed: 0.06	Loglikelihood: -72458.8	(delta): 0.883724
56 (QN/Block) 	Elapsed: 0.059	Loglikelihood: -72458.5	(delta): 0.355492
57 (QN/Block) 	Elapsed: 0.062	Loglikelihood: -72458.4	(delta): 0.126605
58 (QN/Block) 	Elapsed: 0.064	Loglikelihood: -72458.3	(delta): 0.0877418
59 (QN/Block) 	Elapsed: 0.062	Loglikelihood: -72458.1	(delta): 0.141814
60 (QN/Block) 	Elapsed: 0.062	Loglikelihood: -72458	(delta): 0.161969
61 (QN/Block) 	Elapsed: 0.166	Loglikelihood: -72457.9	(delta): 0.0945217
62 (QN/Block) 	Elapsed: 0.078	Loglikelihood: -72457.7	(delta): 0.132927
63 (QN/Block) 	Elapsed: 0.076	Loglikelihood: -72457.6	(delta): 0.156547
64 (QN/Block) 	Elapsed: 0.064	Loglikelihood: -72457.4	(delta): 0.173959
65 (QN/Block) 	Elapsed: 0.066	Loglikelihood: -72457.4	(delta): 0.0362248
66 (QN/Block) 	Elapsed: 0.064	Loglikelihood: -72457.4	(delta): 0.00664329
67 (QN/Block) 	Elapsed: 0.063	Loglikelihood: -72457.4	(delta): 0.00632133
68 (QN/Block) 	Elapsed: 0.066	Loglikelihood: -72457.4	(delta): 0.00999689
69 (QN/Block) 	Elapsed: 0.064	Loglikelihood: -72457.3	(delta): 0.0183233
70 (QN/Block) 	Elapsed: 0.061	Loglikelihood: -72457.3	(delta): 0.0353574
71 (QN/Block) 	Elapsed: 0.063	Loglikelihood: -72457.3	(delta): 0.0441175
72 (QN/Block) 	Elapsed: 0.063	Loglikelihood: -72457.3	(delta): 0.00177404
73 (QN/Block) 	Elapsed: 0.059	Loglikelihood: -72457.3	(delta): 0.000823747
74 (QN/Block) 	Elapsed: 0.057	Loglikelihood: -72457.3	(delta): 9.86134e-05
Summary: 
Converged in 74 iterations (5.163 sec)
Loglikelihood: -72457.254082
Fst divergences between estimated populations: 
	Pop0	Pop1	Pop2	Pop3	Pop4	Pop5	Pop6	Pop7	Pop8	Pop9	Pop10	Pop11	
Pop0	
Pop1	0.482	
Pop2	0.184	0.508	
Pop3	0.493	0.032	0.520	
Pop4	0.157	0.496	0.162	0.508	
Pop5	0.176	0.478	0.199	0.491	0.162	
Pop6	0.479	0.029	0.506	0.024	0.494	0.476	
Pop7	0.515	0.035	0.539	0.029	0.528	0.511	0.019	
Pop8	0.782	0.708	0.791	0.712	0.790	0.773	0.711	0.718	
Pop9	0.200	0.491	0.160	0.503	0.179	0.211	0.489	0.521	0.772	
Pop10	0.169	0.503	0.110	0.515	0.140	0.198	0.501	0.534	0.786	0.158	
Pop11	0.191	0.475	0.193	0.490	0.147	0.194	0.479	0.511	0.784	0.195	0.161	
Pop12	0.187	0.486	0.169	0.496	0.164	0.164	0.487	0.519	0.783	0.184	0.174	0.186	
CV error (K=13): 0.26913
Bootstrap replicate #0
