****                   ADMIXTURE Version 1.3.0                  ****
****                    Copyright 2008-2015                     ****
****           David Alexander, Suyash Shringarpure,            ****
****                John  Novembre, Ken Lange                   ****
****                                                            ****
****                 Please cite our paper!                     ****
****   Information at www.genetics.ucla.edu/software/admixture  ****

Cross-validation will be performed.  Folds=10.
Parallel execution requested.  Will use 8 threads.
Random seed: 43
Point estimation method: Block relaxation algorithm
Convergence acceleration algorithm: QuasiNewton, 3 secant conditions
Point estimation will terminate when objective function delta < 0.0001
Will perform 2000 bootstrap resamplings to estimate standard errors.
Reestimation for each bootstrap replicate will terminate at 3 iterations
Size of G: 241x831
Average base pair separation between consecutive markers: 0.0759036
Block size that will be used for block bootstrap: 131746032
Performing five EM steps to prime main algorithm
1 (EM) 	Elapsed: 0.076	Loglikelihood: -119786	(delta): 137038
2 (EM) 	Elapsed: 0.073	Loglikelihood: -113728	(delta): 6057.92
3 (EM) 	Elapsed: 0.071	Loglikelihood: -112328	(delta): 1400.68
4 (EM) 	Elapsed: 0.074	Loglikelihood: -110988	(delta): 1339.08
5 (EM) 	Elapsed: 0.073	Loglikelihood: -109249	(delta): 1739.52
Initial loglikelihood: -109249
Starting main algorithm
1 (QN/Block) 	Elapsed: 0.074	Loglikelihood: -78748.9	(delta): 30500
2 (QN/Block) 	Elapsed: 0.072	Loglikelihood: -75480.2	(delta): 3268.68
3 (QN/Block) 	Elapsed: 0.081	Loglikelihood: -73410.2	(delta): 2070
4 (QN/Block) 	Elapsed: 0.073	Loglikelihood: -72375.6	(delta): 1034.57
5 (QN/Block) 	Elapsed: 0.072	Loglikelihood: -71809.3	(delta): 566.356
6 (QN/Block) 	Elapsed: 0.071	Loglikelihood: -71612.8	(delta): 196.434
7 (QN/Block) 	Elapsed: 0.069	Loglikelihood: -71507	(delta): 105.857
8 (QN/Block) 	Elapsed: 0.071	Loglikelihood: -71464.6	(delta): 42.3619
9 (QN/Block) 	Elapsed: 0.073	Loglikelihood: -71431.6	(delta): 33.0512
10 (QN/Block) 	Elapsed: 0.082	Loglikelihood: -71394.7	(delta): 36.8501
11 (QN/Block) 	Elapsed: 0.08	Loglikelihood: -71365.3	(delta): 29.3709
12 (QN/Block) 	Elapsed: 0.147	Loglikelihood: -71339.2	(delta): 26.1382
13 (QN/Block) 	Elapsed: 0.078	Loglikelihood: -71324.2	(delta): 15.0143
14 (QN/Block) 	Elapsed: 0.085	Loglikelihood: -71309.5	(delta): 14.6649
15 (QN/Block) 	Elapsed: 0.068	Loglikelihood: -71295.7	(delta): 13.8319
16 (QN/Block) 	Elapsed: 0.072	Loglikelihood: -71284.5	(delta): 11.2219
17 (QN/Block) 	Elapsed: 0.069	Loglikelihood: -71271.7	(delta): 12.7828
18 (QN/Block) 	Elapsed: 0.069	Loglikelihood: -71260.4	(delta): 11.3109
19 (QN/Block) 	Elapsed: 0.067	Loglikelihood: -71254.9	(delta): 5.46711
20 (QN/Block) 	Elapsed: 0.07	Loglikelihood: -71250.6	(delta): 4.29643
21 (QN/Block) 	Elapsed: 0.07	Loglikelihood: -71247.7	(delta): 2.90585
22 (QN/Block) 	Elapsed: 0.07	Loglikelihood: -71245.1	(delta): 2.60302
23 (QN/Block) 	Elapsed: 0.07	Loglikelihood: -71241.8	(delta): 3.29098
24 (QN/Block) 	Elapsed: 0.071	Loglikelihood: -71240.2	(delta): 1.6278
25 (QN/Block) 	Elapsed: 0.069	Loglikelihood: -71238.8	(delta): 1.36389
26 (QN/Block) 	Elapsed: 0.067	Loglikelihood: -71237.9	(delta): 0.881232
27 (QN/Block) 	Elapsed: 0.067	Loglikelihood: -71237.2	(delta): 0.771712
28 (QN/Block) 	Elapsed: 0.072	Loglikelihood: -71236.7	(delta): 0.499842
29 (QN/Block) 	Elapsed: 0.086	Loglikelihood: -71235.8	(delta): 0.845351
30 (QN/Block) 	Elapsed: 0.072	Loglikelihood: -71235.1	(delta): 0.714827
31 (QN/Block) 	Elapsed: 0.071	Loglikelihood: -71234.7	(delta): 0.46386
32 (QN/Block) 	Elapsed: 0.071	Loglikelihood: -71234.4	(delta): 0.264324
33 (QN/Block) 	Elapsed: 0.071	Loglikelihood: -71234.3	(delta): 0.110596
34 (QN/Block) 	Elapsed: 0.07	Loglikelihood: -71234.2	(delta): 0.080588
35 (QN/Block) 	Elapsed: 0.099	Loglikelihood: -71234	(delta): 0.23331
36 (QN/Block) 	Elapsed: 0.076	Loglikelihood: -71232.3	(delta): 1.70988
37 (QN/Block) 	Elapsed: 0.073	Loglikelihood: -71230.9	(delta): 1.3258
38 (QN/Block) 	Elapsed: 0.066	Loglikelihood: -71230.5	(delta): 0.418391
39 (QN/Block) 	Elapsed: 0.071	Loglikelihood: -71230.2	(delta): 0.294831
40 (QN/Block) 	Elapsed: 0.072	Loglikelihood: -71230.1	(delta): 0.154787
41 (QN/Block) 	Elapsed: 0.071	Loglikelihood: -71229.9	(delta): 0.135201
42 (QN/Block) 	Elapsed: 0.079	Loglikelihood: -71228.8	(delta): 1.08913
43 (QN/Block) 	Elapsed: 0.077	Loglikelihood: -71227.6	(delta): 1.25564
44 (QN/Block) 	Elapsed: 0.085	Loglikelihood: -71226.7	(delta): 0.903261
45 (QN/Block) 	Elapsed: 0.071	Loglikelihood: -71225.9	(delta): 0.752153
46 (QN/Block) 	Elapsed: 0.071	Loglikelihood: -71225.3	(delta): 0.637336
47 (QN/Block) 	Elapsed: 0.07	Loglikelihood: -71225.1	(delta): 0.200155
48 (QN/Block) 	Elapsed: 0.071	Loglikelihood: -71224.8	(delta): 0.334862
49 (QN/Block) 	Elapsed: 0.072	Loglikelihood: -71224.2	(delta): 0.516938
50 (QN/Block) 	Elapsed: 0.071	Loglikelihood: -71223.8	(delta): 0.442617
51 (QN/Block) 	Elapsed: 0.073	Loglikelihood: -71223.2	(delta): 0.572521
52 (QN/Block) 	Elapsed: 0.073	Loglikelihood: -71222	(delta): 1.24276
53 (QN/Block) 	Elapsed: 0.071	Loglikelihood: -71219.8	(delta): 2.20294
54 (QN/Block) 	Elapsed: 0.071	Loglikelihood: -71218.4	(delta): 1.35191
55 (QN/Block) 	Elapsed: 0.07	Loglikelihood: -71215.2	(delta): 3.19461
56 (QN/Block) 	Elapsed: 0.076	Loglikelihood: -71212.8	(delta): 2.41556
57 (QN/Block) 	Elapsed: 0.07	Loglikelihood: -71210.9	(delta): 1.92605
58 (QN/Block) 	Elapsed: 0.071	Loglikelihood: -71209.6	(delta): 1.28154
59 (QN/Block) 	Elapsed: 0.068	Loglikelihood: -71208.6	(delta): 1.03895
60 (QN/Block) 	Elapsed: 0.067	Loglikelihood: -71207.4	(delta): 1.17123
61 (QN/Block) 	Elapsed: 0.082	Loglikelihood: -71206.8	(delta): 0.552115
62 (QN/Block) 	Elapsed: 0.07	Loglikelihood: -71206.4	(delta): 0.405898
63 (QN/Block) 	Elapsed: 0.07	Loglikelihood: -71206	(delta): 0.403017
64 (QN/Block) 	Elapsed: 0.073	Loglikelihood: -71203.3	(delta): 2.71185
65 (QN/Block) 	Elapsed: 0.071	Loglikelihood: -71201.7	(delta): 1.57898
66 (QN/Block) 	Elapsed: 0.071	Loglikelihood: -71200.2	(delta): 1.52576
67 (QN/Block) 	Elapsed: 0.071	Loglikelihood: -71198.6	(delta): 1.59992
68 (QN/Block) 	Elapsed: 0.072	Loglikelihood: -71197.4	(delta): 1.18873
69 (QN/Block) 	Elapsed: 0.072	Loglikelihood: -71196.2	(delta): 1.23886
70 (QN/Block) 	Elapsed: 0.072	Loglikelihood: -71195.2	(delta): 1.0341
71 (QN/Block) 	Elapsed: 0.072	Loglikelihood: -71192.5	(delta): 2.6664
72 (QN/Block) 	Elapsed: 0.069	Loglikelihood: -71191.1	(delta): 1.36123
73 (QN/Block) 	Elapsed: 0.069	Loglikelihood: -71189.4	(delta): 1.6947
74 (QN/Block) 	Elapsed: 0.068	Loglikelihood: -71188.5	(delta): 0.912437
75 (QN/Block) 	Elapsed: 0.068	Loglikelihood: -71187.5	(delta): 1.04602
76 (QN/Block) 	Elapsed: 0.069	Loglikelihood: -71187	(delta): 0.447575
77 (QN/Block) 	Elapsed: 0.071	Loglikelihood: -71186.6	(delta): 0.380223
78 (QN/Block) 	Elapsed: 0.071	Loglikelihood: -71186.2	(delta): 0.428356
79 (QN/Block) 	Elapsed: 0.071	Loglikelihood: -71186.2	(delta): 0.0528294
80 (QN/Block) 	Elapsed: 0.069	Loglikelihood: -71185.9	(delta): 0.230419
81 (QN/Block) 	Elapsed: 0.073	Loglikelihood: -71184.2	(delta): 1.71543
82 (QN/Block) 	Elapsed: 0.071	Loglikelihood: -71182.7	(delta): 1.49824
83 (QN/Block) 	Elapsed: 0.072	Loglikelihood: -71182.1	(delta): 0.628963
84 (QN/Block) 	Elapsed: 0.068	Loglikelihood: -71181.9	(delta): 0.155371
85 (QN/Block) 	Elapsed: 0.074	Loglikelihood: -71181.8	(delta): 0.106374
86 (QN/Block) 	Elapsed: 0.07	Loglikelihood: -71181.7	(delta): 0.124189
87 (QN/Block) 	Elapsed: 0.079	Loglikelihood: -71181.6	(delta): 0.104309
88 (QN/Block) 	Elapsed: 0.076	Loglikelihood: -71181.5	(delta): 0.121654
89 (QN/Block) 	Elapsed: 0.08	Loglikelihood: -71181.4	(delta): 0.104746
90 (QN/Block) 	Elapsed: 0.072	Loglikelihood: -71181.2	(delta): 0.133464
91 (QN/Block) 	Elapsed: 0.07	Loglikelihood: -71181	(delta): 0.20795
92 (QN/Block) 	Elapsed: 0.071	Loglikelihood: -71180.3	(delta): 0.723562
93 (QN/Block) 	Elapsed: 0.071	Loglikelihood: -71178.6	(delta): 1.69164
94 (QN/Block) 	Elapsed: 0.073	Loglikelihood: -71175.8	(delta): 2.782
95 (QN/Block) 	Elapsed: 0.075	Loglikelihood: -71175.3	(delta): 0.535198
96 (QN/Block) 	Elapsed: 0.072	Loglikelihood: -71174.2	(delta): 1.11961
97 (QN/Block) 	Elapsed: 0.072	Loglikelihood: -71173.8	(delta): 0.425788
98 (QN/Block) 	Elapsed: 0.072	Loglikelihood: -71172.8	(delta): 0.952056
99 (QN/Block) 	Elapsed: 0.072	Loglikelihood: -71172.3	(delta): 0.536679
100 (QN/Block) 	Elapsed: 0.075	Loglikelihood: -71172.1	(delta): 0.16769
101 (QN/Block) 	Elapsed: 0.072	Loglikelihood: -71172	(delta): 0.0737166
102 (QN/Block) 	Elapsed: 0.073	Loglikelihood: -71171.9	(delta): 0.141385
103 (QN/Block) 	Elapsed: 0.072	Loglikelihood: -71171.5	(delta): 0.361023
104 (QN/Block) 	Elapsed: 0.073	Loglikelihood: -71171	(delta): 0.539189
105 (QN/Block) 	Elapsed: 0.073	Loglikelihood: -71170.1	(delta): 0.846998
106 (QN/Block) 	Elapsed: 0.07	Loglikelihood: -71169.9	(delta): 0.275145
107 (QN/Block) 	Elapsed: 0.07	Loglikelihood: -71169.8	(delta): 0.0189199
108 (QN/Block) 	Elapsed: 0.069	Loglikelihood: -71169.8	(delta): 0.0129837
109 (QN/Block) 	Elapsed: 0.072	Loglikelihood: -71169.8	(delta): 0.00249265
110 (QN/Block) 	Elapsed: 0.069	Loglikelihood: -71169.8	(delta): 0.00198374
111 (QN/Block) 	Elapsed: 0.068	Loglikelihood: -71169.8	(delta): 0.00151465
112 (QN/Block) 	Elapsed: 0.071	Loglikelihood: -71169.8	(delta): 0.000848221
113 (QN/Block) 	Elapsed: 0.07	Loglikelihood: -71169.8	(delta): 0.000551944
114 (QN/Block) 	Elapsed: 0.069	Loglikelihood: -71169.8	(delta): 0.000422408
115 (QN/Block) 	Elapsed: 0.068	Loglikelihood: -71169.8	(delta): 2.26251e-05
Summary: 
Converged in 115 iterations (8.926 sec)
Loglikelihood: -71169.822408
Fst divergences between estimated populations: 
	Pop0	Pop1	Pop2	Pop3	Pop4	Pop5	Pop6	Pop7	Pop8	Pop9	Pop10	Pop11	Pop12	Pop13	Pop14	
Pop0	
Pop1	0.470	
Pop2	0.237	0.487	
Pop3	0.481	0.421	0.505	
Pop4	0.210	0.461	0.129	0.486	
Pop5	0.635	0.564	0.643	0.394	0.632	
Pop6	0.616	0.531	0.624	0.283	0.612	0.438	
Pop7	0.200	0.492	0.146	0.502	0.108	0.647	0.627	
Pop8	0.791	0.734	0.790	0.715	0.780	0.639	0.683	0.793	
Pop9	0.201	0.485	0.136	0.502	0.106	0.646	0.623	0.107	0.788	
Pop10	0.221	0.459	0.156	0.496	0.141	0.632	0.611	0.134	0.771	0.142	
Pop11	0.465	0.411	0.479	0.035	0.458	0.387	0.273	0.476	0.702	0.478	0.469	
Pop12	0.465	0.405	0.485	0.039	0.467	0.382	0.272	0.483	0.699	0.484	0.474	0.034	
Pop13	0.234	0.489	0.161	0.507	0.152	0.644	0.623	0.106	0.786	0.138	0.140	0.480	0.487	
Pop14	0.545	0.480	0.560	0.033	0.541	0.415	0.294	0.560	0.741	0.559	0.550	0.026	0.038	0.562	
Pop15	0.459	0.461	0.449	0.473	0.417	0.579	0.562	0.440	0.718	0.436	0.420	0.456	0.457	0.441	0.525	
CV error (K=16): 0.31827
Bootstrap replicate #0
