****                   ADMIXTURE Version 1.3.0                  ****
****                    Copyright 2008-2015                     ****
****           David Alexander, Suyash Shringarpure,            ****
****                John  Novembre, Ken Lange                   ****
****                                                            ****
****                 Please cite our paper!                     ****
****   Information at www.genetics.ucla.edu/software/admixture  ****

Cross-validation will be performed.  Folds=10.
Parallel execution requested.  Will use 8 threads.
Random seed: 43
Point estimation method: Block relaxation algorithm
Convergence acceleration algorithm: QuasiNewton, 3 secant conditions
Point estimation will terminate when objective function delta < 0.0001
Will perform 2000 bootstrap resamplings to estimate standard errors.
Reestimation for each bootstrap replicate will terminate at 3 iterations
Size of G: 241x831
Average base pair separation between consecutive markers: 0.0759036
Block size that will be used for block bootstrap: 131746032
Performing five EM steps to prime main algorithm
1 (EM) 	Elapsed: 0.062	Loglikelihood: -120481	(delta): 136208
2 (EM) 	Elapsed: 0.062	Loglikelihood: -114444	(delta): 6037.71
3 (EM) 	Elapsed: 0.061	Loglikelihood: -113171	(delta): 1272.59
4 (EM) 	Elapsed: 0.061	Loglikelihood: -112165	(delta): 1005.83
5 (EM) 	Elapsed: 0.062	Loglikelihood: -110968	(delta): 1197.77
Initial loglikelihood: -110968
Starting main algorithm
1 (QN/Block) 	Elapsed: 0.073	Loglikelihood: -79320	(delta): 31647.6
2 (QN/Block) 	Elapsed: 0.063	Loglikelihood: -75662.9	(delta): 3657.13
3 (QN/Block) 	Elapsed: 0.067	Loglikelihood: -73586.9	(delta): 2076
4 (QN/Block) 	Elapsed: 0.07	Loglikelihood: -72694.5	(delta): 892.367
5 (QN/Block) 	Elapsed: 0.068	Loglikelihood: -72367.9	(delta): 326.6
6 (QN/Block) 	Elapsed: 0.064	Loglikelihood: -72223.3	(delta): 144.644
7 (QN/Block) 	Elapsed: 0.064	Loglikelihood: -72138.4	(delta): 84.866
8 (QN/Block) 	Elapsed: 0.064	Loglikelihood: -72074.5	(delta): 63.8889
9 (QN/Block) 	Elapsed: 0.072	Loglikelihood: -72028.6	(delta): 45.8956
10 (QN/Block) 	Elapsed: 0.08	Loglikelihood: -71987.6	(delta): 40.9926
11 (QN/Block) 	Elapsed: 0.07	Loglikelihood: -71950.2	(delta): 37.4009
12 (QN/Block) 	Elapsed: 0.084	Loglikelihood: -71909.6	(delta): 40.6017
13 (QN/Block) 	Elapsed: 0.067	Loglikelihood: -71875	(delta): 34.6553
14 (QN/Block) 	Elapsed: 0.069	Loglikelihood: -71855	(delta): 19.956
15 (QN/Block) 	Elapsed: 0.069	Loglikelihood: -71832.4	(delta): 22.5919
16 (QN/Block) 	Elapsed: 0.066	Loglikelihood: -71819.1	(delta): 13.3381
17 (QN/Block) 	Elapsed: 0.068	Loglikelihood: -71811.8	(delta): 7.25911
18 (QN/Block) 	Elapsed: 0.072	Loglikelihood: -71804	(delta): 7.83909
19 (QN/Block) 	Elapsed: 0.078	Loglikelihood: -71798.4	(delta): 5.59901
20 (QN/Block) 	Elapsed: 0.066	Loglikelihood: -71790.3	(delta): 8.0985
21 (QN/Block) 	Elapsed: 0.073	Loglikelihood: -71782	(delta): 8.23759
22 (QN/Block) 	Elapsed: 0.078	Loglikelihood: -71771.2	(delta): 10.8639
23 (QN/Block) 	Elapsed: 0.074	Loglikelihood: -71762.8	(delta): 8.3474
24 (QN/Block) 	Elapsed: 0.067	Loglikelihood: -71757.2	(delta): 5.65897
25 (QN/Block) 	Elapsed: 0.065	Loglikelihood: -71749.7	(delta): 7.43839
26 (QN/Block) 	Elapsed: 0.063	Loglikelihood: -71744.2	(delta): 5.51033
27 (QN/Block) 	Elapsed: 0.069	Loglikelihood: -71736.8	(delta): 7.38148
28 (QN/Block) 	Elapsed: 0.064	Loglikelihood: -71732.9	(delta): 3.95648
29 (QN/Block) 	Elapsed: 0.067	Loglikelihood: -71729.6	(delta): 3.31174
30 (QN/Block) 	Elapsed: 0.067	Loglikelihood: -71729.3	(delta): 0.258443
31 (QN/Block) 	Elapsed: 0.07	Loglikelihood: -71729.3	(delta): 0.0347506
32 (QN/Block) 	Elapsed: 0.066	Loglikelihood: -71729.2	(delta): 0.0303723
33 (QN/Block) 	Elapsed: 0.069	Loglikelihood: -71729.2	(delta): 0.0117813
34 (QN/Block) 	Elapsed: 0.07	Loglikelihood: -71729.2	(delta): 0.0069519
35 (QN/Block) 	Elapsed: 0.067	Loglikelihood: -71729.2	(delta): 0.00586358
36 (QN/Block) 	Elapsed: 0.07	Loglikelihood: -71729.2	(delta): 0.00176743
37 (QN/Block) 	Elapsed: 0.066	Loglikelihood: -71729.2	(delta): 0.00036311
38 (QN/Block) 	Elapsed: 0.077	Loglikelihood: -71729.2	(delta): 0.000235458
39 (QN/Block) 	Elapsed: 0.067	Loglikelihood: -71729.2	(delta): 6.83574e-05
Summary: 
Converged in 39 iterations (3.082 sec)
Loglikelihood: -71729.213607
Fst divergences between estimated populations: 
	Pop0	Pop1	Pop2	Pop3	Pop4	Pop5	Pop6	Pop7	Pop8	Pop9	Pop10	Pop11	Pop12	
Pop0	
Pop1	0.488	
Pop2	0.457	0.181	
Pop3	0.458	0.159	0.146	
Pop4	0.464	0.150	0.121	0.110	
Pop5	0.470	0.150	0.167	0.140	0.122	
Pop6	0.019	0.502	0.472	0.471	0.478	0.485	
Pop7	0.404	0.651	0.636	0.635	0.638	0.636	0.411	
Pop8	0.031	0.506	0.476	0.471	0.482	0.489	0.025	0.409	
Pop9	0.477	0.127	0.150	0.147	0.108	0.127	0.490	0.645	0.494	
Pop10	0.702	0.798	0.786	0.781	0.781	0.772	0.710	0.621	0.708	0.789	
Pop11	0.031	0.511	0.476	0.477	0.486	0.493	0.031	0.408	0.031	0.500	0.711	
Pop12	0.021	0.487	0.459	0.456	0.464	0.470	0.016	0.404	0.026	0.476	0.703	0.029	
Pop13	0.474	0.125	0.153	0.136	0.107	0.138	0.490	0.647	0.492	0.127	0.794	0.497	0.474	
CV error (K=14): 0.30232
Bootstrap replicate #0
