****                   ADMIXTURE Version 1.3.0                  ****
****                    Copyright 2008-2015                     ****
****           David Alexander, Suyash Shringarpure,            ****
****                John  Novembre, Ken Lange                   ****
****                                                            ****
****                 Please cite our paper!                     ****
****   Information at www.genetics.ucla.edu/software/admixture  ****

Cross-validation will be performed.  Folds=10.
Parallel execution requested.  Will use 8 threads.
Random seed: 43
Point estimation method: Block relaxation algorithm
Convergence acceleration algorithm: QuasiNewton, 3 secant conditions
Point estimation will terminate when objective function delta < 0.0001
Will perform 2000 bootstrap resamplings to estimate standard errors.
Reestimation for each bootstrap replicate will terminate at 3 iterations
Size of G: 241x831
Average base pair separation between consecutive markers: 0.0759036
Block size that will be used for block bootstrap: 131746032
Performing five EM steps to prime main algorithm
1 (EM) 	Elapsed: 0.083	Loglikelihood: -119678	(delta): 137049
2 (EM) 	Elapsed: 0.089	Loglikelihood: -113828	(delta): 5850.12
3 (EM) 	Elapsed: 0.085	Loglikelihood: -112576	(delta): 1252.71
4 (EM) 	Elapsed: 0.084	Loglikelihood: -111436	(delta): 1139.93
5 (EM) 	Elapsed: 0.083	Loglikelihood: -109965	(delta): 1470.44
Initial loglikelihood: -109965
Starting main algorithm
1 (QN/Block) 	Elapsed: 0.078	Loglikelihood: -77456	(delta): 32509.3
2 (QN/Block) 	Elapsed: 0.075	Loglikelihood: -74268.4	(delta): 3187.64
3 (QN/Block) 	Elapsed: 0.08	Loglikelihood: -72507	(delta): 1761.34
4 (QN/Block) 	Elapsed: 0.082	Loglikelihood: -71611.7	(delta): 895.304
5 (QN/Block) 	Elapsed: 0.082	Loglikelihood: -71266	(delta): 345.745
6 (QN/Block) 	Elapsed: 0.081	Loglikelihood: -71101.4	(delta): 164.561
7 (QN/Block) 	Elapsed: 0.087	Loglikelihood: -71022.9	(delta): 78.4702
8 (QN/Block) 	Elapsed: 0.081	Loglikelihood: -70937.9	(delta): 85.0487
9 (QN/Block) 	Elapsed: 0.086	Loglikelihood: -70887.9	(delta): 49.9975
10 (QN/Block) 	Elapsed: 0.082	Loglikelihood: -70837.5	(delta): 50.4031
11 (QN/Block) 	Elapsed: 0.08	Loglikelihood: -70809.2	(delta): 28.2902
12 (QN/Block) 	Elapsed: 0.083	Loglikelihood: -70787.9	(delta): 21.3074
13 (QN/Block) 	Elapsed: 0.081	Loglikelihood: -70766	(delta): 21.9163
14 (QN/Block) 	Elapsed: 0.084	Loglikelihood: -70738.7	(delta): 27.3266
15 (QN/Block) 	Elapsed: 0.086	Loglikelihood: -70713.7	(delta): 24.9108
16 (QN/Block) 	Elapsed: 0.079	Loglikelihood: -70691.7	(delta): 22.0324
17 (QN/Block) 	Elapsed: 0.079	Loglikelihood: -70677.7	(delta): 14.0253
18 (QN/Block) 	Elapsed: 0.079	Loglikelihood: -70669.1	(delta): 8.60919
19 (QN/Block) 	Elapsed: 0.078	Loglikelihood: -70663.1	(delta): 5.95667
20 (QN/Block) 	Elapsed: 0.081	Loglikelihood: -70652.8	(delta): 10.3306
21 (QN/Block) 	Elapsed: 0.098	Loglikelihood: -70646.4	(delta): 6.37425
22 (QN/Block) 	Elapsed: 0.081	Loglikelihood: -70641.2	(delta): 5.24152
23 (QN/Block) 	Elapsed: 0.084	Loglikelihood: -70637.6	(delta): 3.57492
24 (QN/Block) 	Elapsed: 0.079	Loglikelihood: -70633	(delta): 4.61824
25 (QN/Block) 	Elapsed: 0.082	Loglikelihood: -70624.9	(delta): 8.07693
26 (QN/Block) 	Elapsed: 0.088	Loglikelihood: -70622.9	(delta): 1.98877
27 (QN/Block) 	Elapsed: 0.084	Loglikelihood: -70622.2	(delta): 0.671909
28 (QN/Block) 	Elapsed: 0.083	Loglikelihood: -70621.5	(delta): 0.736338
29 (QN/Block) 	Elapsed: 0.08	Loglikelihood: -70620.7	(delta): 0.768723
30 (QN/Block) 	Elapsed: 0.085	Loglikelihood: -70620.5	(delta): 0.275637
31 (QN/Block) 	Elapsed: 0.081	Loglikelihood: -70619.9	(delta): 0.581334
32 (QN/Block) 	Elapsed: 0.082	Loglikelihood: -70619.1	(delta): 0.806204
33 (QN/Block) 	Elapsed: 0.086	Loglikelihood: -70618.8	(delta): 0.302855
34 (QN/Block) 	Elapsed: 0.084	Loglikelihood: -70618.7	(delta): 0.106382
35 (QN/Block) 	Elapsed: 0.081	Loglikelihood: -70618.5	(delta): 0.134986
36 (QN/Block) 	Elapsed: 0.085	Loglikelihood: -70618.4	(delta): 0.120704
37 (QN/Block) 	Elapsed: 0.126	Loglikelihood: -70618.4	(delta): 0.0125128
38 (QN/Block) 	Elapsed: 0.084	Loglikelihood: -70618.4	(delta): 0.00338293
39 (QN/Block) 	Elapsed: 0.078	Loglikelihood: -70618.4	(delta): 0.00724467
40 (QN/Block) 	Elapsed: 0.082	Loglikelihood: -70618.4	(delta): 0.00213923
41 (QN/Block) 	Elapsed: 0.101	Loglikelihood: -70618.4	(delta): 0.00061767
42 (QN/Block) 	Elapsed: 0.086	Loglikelihood: -70618.4	(delta): 0.000561092
43 (QN/Block) 	Elapsed: 0.087	Loglikelihood: -70618.4	(delta): 0.00020061
44 (QN/Block) 	Elapsed: 0.089	Loglikelihood: -70618.4	(delta): 0.000164414
45 (QN/Block) 	Elapsed: 0.087	Loglikelihood: -70618.4	(delta): 0.000178702
46 (QN/Block) 	Elapsed: 0.084	Loglikelihood: -70618.4	(delta): 0.00052655
47 (QN/Block) 	Elapsed: 0.081	Loglikelihood: -70618.4	(delta): 0.000151384
48 (QN/Block) 	Elapsed: 0.081	Loglikelihood: -70618.4	(delta): 8.26761e-06
Summary: 
Converged in 48 iterations (4.544 sec)
Loglikelihood: -70618.377975
Fst divergences between estimated populations: 
	Pop0	Pop1	Pop2	Pop3	Pop4	Pop5	Pop6	Pop7	Pop8	Pop9	Pop10	Pop11	Pop12	Pop13	Pop14	Pop15	Pop16	
Pop0	
Pop1	0.472	
Pop2	0.388	0.631	
Pop3	0.019	0.478	0.393	
Pop4	0.478	0.146	0.634	0.483	
Pop5	0.054	0.529	0.396	0.056	0.537	
Pop6	0.475	0.153	0.636	0.481	0.185	0.531	
Pop7	0.021	0.467	0.387	0.023	0.474	0.056	0.470	
Pop8	0.025	0.467	0.382	0.025	0.475	0.060	0.472	0.026	
Pop9	0.476	0.103	0.632	0.481	0.145	0.531	0.151	0.472	0.472	
Pop10	0.471	0.152	0.635	0.476	0.145	0.528	0.201	0.467	0.467	0.158	
Pop11	0.031	0.488	0.391	0.032	0.494	0.061	0.487	0.032	0.037	0.493	0.486	
Pop12	0.712	0.796	0.650	0.717	0.805	0.723	0.810	0.711	0.708	0.795	0.804	0.720	
Pop13	0.457	0.110	0.623	0.461	0.158	0.517	0.160	0.452	0.453	0.130	0.175	0.472	0.792	
Pop14	0.457	0.274	0.609	0.462	0.295	0.503	0.280	0.451	0.453	0.261	0.284	0.469	0.781	0.268	
Pop15	0.495	0.135	0.650	0.500	0.154	0.551	0.170	0.491	0.492	0.119	0.162	0.511	0.819	0.154	0.292	
Pop16	0.496	0.143	0.646	0.501	0.190	0.550	0.174	0.490	0.491	0.133	0.198	0.512	0.816	0.156	0.314	0.148	
Pop17	0.033	0.482	0.386	0.036	0.487	0.056	0.482	0.035	0.038	0.486	0.479	0.033	0.711	0.465	0.459	0.505	0.505	
CV error (K=18): 0.31458
Bootstrap replicate #0
