****                   ADMIXTURE Version 1.3.0                  ****
****                    Copyright 2008-2015                     ****
****           David Alexander, Suyash Shringarpure,            ****
****                John  Novembre, Ken Lange                   ****
****                                                            ****
****                 Please cite our paper!                     ****
****   Information at www.genetics.ucla.edu/software/admixture  ****

Cross-validation will be performed.  Folds=10.
Parallel execution requested.  Will use 8 threads.
Random seed: 43
Point estimation method: Block relaxation algorithm
Convergence acceleration algorithm: QuasiNewton, 3 secant conditions
Point estimation will terminate when objective function delta < 0.0001
Will perform 2000 bootstrap resamplings to estimate standard errors.
Reestimation for each bootstrap replicate will terminate at 3 iterations
Size of G: 241x831
Average base pair separation between consecutive markers: 0.0759036
Block size that will be used for block bootstrap: 131746032
Performing five EM steps to prime main algorithm
1 (EM) 	Elapsed: 0.045	Loglikelihood: -120272	(delta): 135428
2 (EM) 	Elapsed: 0.046	Loglikelihood: -114654	(delta): 5617.52
3 (EM) 	Elapsed: 0.046	Loglikelihood: -113602	(delta): 1052.34
4 (EM) 	Elapsed: 0.044	Loglikelihood: -112861	(delta): 741.251
5 (EM) 	Elapsed: 0.048	Loglikelihood: -112060	(delta): 800.642
Initial loglikelihood: -112060
Starting main algorithm
1 (QN/Block) 	Elapsed: 0.058	Loglikelihood: -79046.4	(delta): 33013.5
2 (QN/Block) 	Elapsed: 0.049	Loglikelihood: -76204.8	(delta): 2841.65
3 (QN/Block) 	Elapsed: 0.049	Loglikelihood: -74467.3	(delta): 1737.46
4 (QN/Block) 	Elapsed: 0.048	Loglikelihood: -73614.5	(delta): 852.802
5 (QN/Block) 	Elapsed: 0.048	Loglikelihood: -73293.5	(delta): 321.019
6 (QN/Block) 	Elapsed: 0.047	Loglikelihood: -73153.2	(delta): 140.291
7 (QN/Block) 	Elapsed: 0.049	Loglikelihood: -73074.8	(delta): 78.4046
8 (QN/Block) 	Elapsed: 0.049	Loglikelihood: -73003.2	(delta): 71.5606
9 (QN/Block) 	Elapsed: 0.05	Loglikelihood: -72904.3	(delta): 98.9051
10 (QN/Block) 	Elapsed: 0.05	Loglikelihood: -72850.8	(delta): 53.5772
11 (QN/Block) 	Elapsed: 0.051	Loglikelihood: -72793.7	(delta): 57.0736
12 (QN/Block) 	Elapsed: 0.049	Loglikelihood: -72692.1	(delta): 101.542
13 (QN/Block) 	Elapsed: 0.049	Loglikelihood: -72600.1	(delta): 92.0913
14 (QN/Block) 	Elapsed: 0.052	Loglikelihood: -72544.5	(delta): 55.5435
15 (QN/Block) 	Elapsed: 0.054	Loglikelihood: -72495.6	(delta): 48.9522
16 (QN/Block) 	Elapsed: 0.053	Loglikelihood: -72449.6	(delta): 45.9523
17 (QN/Block) 	Elapsed: 0.052	Loglikelihood: -72419	(delta): 30.6393
18 (QN/Block) 	Elapsed: 0.052	Loglikelihood: -72403.1	(delta): 15.8231
19 (QN/Block) 	Elapsed: 0.047	Loglikelihood: -72394.6	(delta): 8.58144
20 (QN/Block) 	Elapsed: 0.056	Loglikelihood: -72387.4	(delta): 7.21145
21 (QN/Block) 	Elapsed: 0.061	Loglikelihood: -72383.4	(delta): 4.00193
22 (QN/Block) 	Elapsed: 0.055	Loglikelihood: -72380.7	(delta): 2.61626
23 (QN/Block) 	Elapsed: 0.051	Loglikelihood: -72378.2	(delta): 2.51884
24 (QN/Block) 	Elapsed: 0.051	Loglikelihood: -72375.6	(delta): 2.59838
25 (QN/Block) 	Elapsed: 0.052	Loglikelihood: -72373.6	(delta): 1.99116
26 (QN/Block) 	Elapsed: 0.061	Loglikelihood: -72372	(delta): 1.646
27 (QN/Block) 	Elapsed: 0.055	Loglikelihood: -72371.1	(delta): 0.893916
28 (QN/Block) 	Elapsed: 0.053	Loglikelihood: -72369.9	(delta): 1.21554
29 (QN/Block) 	Elapsed: 0.056	Loglikelihood: -72367.6	(delta): 2.27213
30 (QN/Block) 	Elapsed: 0.056	Loglikelihood: -72364.3	(delta): 3.31295
31 (QN/Block) 	Elapsed: 0.054	Loglikelihood: -72362.3	(delta): 1.94899
32 (QN/Block) 	Elapsed: 0.054	Loglikelihood: -72359.5	(delta): 2.88411
33 (QN/Block) 	Elapsed: 0.056	Loglikelihood: -72357.4	(delta): 2.07953
34 (QN/Block) 	Elapsed: 0.056	Loglikelihood: -72356.4	(delta): 0.937796
35 (QN/Block) 	Elapsed: 0.055	Loglikelihood: -72355.9	(delta): 0.513202
36 (QN/Block) 	Elapsed: 0.057	Loglikelihood: -72355.7	(delta): 0.23661
37 (QN/Block) 	Elapsed: 0.056	Loglikelihood: -72355.5	(delta): 0.183085
38 (QN/Block) 	Elapsed: 0.054	Loglikelihood: -72355.5	(delta): 0.0103768
39 (QN/Block) 	Elapsed: 0.056	Loglikelihood: -72355.5	(delta): 0.0170186
40 (QN/Block) 	Elapsed: 0.058	Loglikelihood: -72355.4	(delta): 0.0383855
41 (QN/Block) 	Elapsed: 0.058	Loglikelihood: -72355.4	(delta): 0.0726921
42 (QN/Block) 	Elapsed: 0.063	Loglikelihood: -72355.2	(delta): 0.177792
43 (QN/Block) 	Elapsed: 0.057	Loglikelihood: -72355.1	(delta): 0.0444286
44 (QN/Block) 	Elapsed: 0.064	Loglikelihood: -72355.1	(delta): 0.00145449
45 (QN/Block) 	Elapsed: 0.072	Loglikelihood: -72355.1	(delta): 0.00176772
46 (QN/Block) 	Elapsed: 0.052	Loglikelihood: -72355.1	(delta): 0.00108953
47 (QN/Block) 	Elapsed: 0.053	Loglikelihood: -72355.1	(delta): 0.00197478
48 (QN/Block) 	Elapsed: 0.055	Loglikelihood: -72355.1	(delta): 0.00496792
49 (QN/Block) 	Elapsed: 0.057	Loglikelihood: -72355.1	(delta): 0.0092439
50 (QN/Block) 	Elapsed: 0.058	Loglikelihood: -72355.1	(delta): 0.00712916
51 (QN/Block) 	Elapsed: 0.058	Loglikelihood: -72355.1	(delta): 0.00143601
52 (QN/Block) 	Elapsed: 0.054	Loglikelihood: -72355.1	(delta): 0.000330508
53 (QN/Block) 	Elapsed: 0.054	Loglikelihood: -72355.1	(delta): 7.98058e-05
Summary: 
Converged in 53 iterations (3.183 sec)
Loglikelihood: -72355.112316
Fst divergences between estimated populations: 
	Pop0	Pop1	Pop2	Pop3	Pop4	Pop5	Pop6	Pop7	Pop8	Pop9	Pop10	
Pop0	
Pop1	0.486	
Pop2	0.030	0.466	
Pop3	0.492	0.110	0.472	
Pop4	0.500	0.105	0.480	0.106	
Pop5	0.408	0.635	0.402	0.645	0.650	
Pop6	0.478	0.093	0.459	0.111	0.109	0.634	
Pop7	0.486	0.106	0.468	0.103	0.103	0.639	0.111	
Pop8	0.471	0.140	0.455	0.134	0.137	0.635	0.134	0.137	
Pop9	0.033	0.486	0.027	0.492	0.500	0.408	0.477	0.485	0.474	
Pop10	0.029	0.476	0.017	0.482	0.491	0.411	0.471	0.477	0.466	0.028	
Pop11	0.709	0.771	0.700	0.788	0.791	0.621	0.774	0.777	0.780	0.708	0.708	
CV error (K=12): 0.29282
Bootstrap replicate #0
