****                   ADMIXTURE Version 1.3.0                  ****
****                    Copyright 2008-2015                     ****
****           David Alexander, Suyash Shringarpure,            ****
****                John  Novembre, Ken Lange                   ****
****                                                            ****
****                 Please cite our paper!                     ****
****   Information at www.genetics.ucla.edu/software/admixture  ****

Cross-validation will be performed.  Folds=10.
Parallel execution requested.  Will use 8 threads.
Random seed: 43
Point estimation method: Block relaxation algorithm
Convergence acceleration algorithm: QuasiNewton, 3 secant conditions
Point estimation will terminate when objective function delta < 0.0001
Will perform 2000 bootstrap resamplings to estimate standard errors.
Reestimation for each bootstrap replicate will terminate at 3 iterations
Size of G: 241x831
Average base pair separation between consecutive markers: 0.0759036
Block size that will be used for block bootstrap: 131746032
Performing five EM steps to prime main algorithm
1 (EM) 	Elapsed: 0.135	Loglikelihood: -119394	(delta): 132357
2 (EM) 	Elapsed: 0.123	Loglikelihood: -113392	(delta): 6002.48
3 (EM) 	Elapsed: 0.156	Loglikelihood: -112187	(delta): 1205.48
4 (EM) 	Elapsed: 0.127	Loglikelihood: -111061	(delta): 1125.36
5 (EM) 	Elapsed: 0.125	Loglikelihood: -109576	(delta): 1485.44
Initial loglikelihood: -109576
Starting main algorithm
1 (QN/Block) 	Elapsed: 0.198	Loglikelihood: -76135.5	(delta): 33440.3
2 (QN/Block) 	Elapsed: 0.177	Loglikelihood: -72670.7	(delta): 3464.72
3 (QN/Block) 	Elapsed: 0.218	Loglikelihood: -70888	(delta): 1782.73
4 (QN/Block) 	Elapsed: 0.183	Loglikelihood: -69960.4	(delta): 927.568
5 (QN/Block) 	Elapsed: 0.162	Loglikelihood: -69606.1	(delta): 354.304
6 (QN/Block) 	Elapsed: 0.164	Loglikelihood: -69248.2	(delta): 357.916
7 (QN/Block) 	Elapsed: 0.201	Loglikelihood: -69044.8	(delta): 203.413
8 (QN/Block) 	Elapsed: 0.176	Loglikelihood: -68928.2	(delta): 116.601
9 (QN/Block) 	Elapsed: 0.179	Loglikelihood: -68826	(delta): 102.239
10 (QN/Block) 	Elapsed: 0.189	Loglikelihood: -68773.7	(delta): 52.2986
11 (QN/Block) 	Elapsed: 0.186	Loglikelihood: -68748.4	(delta): 25.2136
12 (QN/Block) 	Elapsed: 0.183	Loglikelihood: -68730.8	(delta): 17.6188
13 (QN/Block) 	Elapsed: 0.167	Loglikelihood: -68721.3	(delta): 9.56368
14 (QN/Block) 	Elapsed: 0.16	Loglikelihood: -68711.6	(delta): 9.7033
15 (QN/Block) 	Elapsed: 0.178	Loglikelihood: -68697.3	(delta): 14.2219
16 (QN/Block) 	Elapsed: 0.157	Loglikelihood: -68686.6	(delta): 10.6975
17 (QN/Block) 	Elapsed: 0.169	Loglikelihood: -68677.4	(delta): 9.28004
18 (QN/Block) 	Elapsed: 0.174	Loglikelihood: -68664.5	(delta): 12.9004
19 (QN/Block) 	Elapsed: 0.152	Loglikelihood: -68658.5	(delta): 5.96578
20 (QN/Block) 	Elapsed: 0.164	Loglikelihood: -68657.5	(delta): 1.0006
21 (QN/Block) 	Elapsed: 0.155	Loglikelihood: -68656.4	(delta): 1.0901
22 (QN/Block) 	Elapsed: 0.157	Loglikelihood: -68655.2	(delta): 1.22475
23 (QN/Block) 	Elapsed: 0.155	Loglikelihood: -68654.3	(delta): 0.92872
24 (QN/Block) 	Elapsed: 0.178	Loglikelihood: -68653.7	(delta): 0.505222
25 (QN/Block) 	Elapsed: 0.162	Loglikelihood: -68653.5	(delta): 0.268815
26 (QN/Block) 	Elapsed: 0.164	Loglikelihood: -68654.9	(delta): -1.40802
27 (QN/Block) 	Elapsed: 0.156	Loglikelihood: -68653.2	(delta): 1.68328
28 (QN/Block) 	Elapsed: 0.162	Loglikelihood: -68652.5	(delta): 0.665891
29 (QN/Block) 	Elapsed: 0.154	Loglikelihood: -68652.2	(delta): 0.288216
30 (QN/Block) 	Elapsed: 0.168	Loglikelihood: -68652.1	(delta): 0.124021
31 (QN/Block) 	Elapsed: 0.168	Loglikelihood: -68652.1	(delta): 0.0443753
32 (QN/Block) 	Elapsed: 0.16	Loglikelihood: -68652	(delta): 0.126447
33 (QN/Block) 	Elapsed: 0.174	Loglikelihood: -68651.9	(delta): 0.0315292
34 (QN/Block) 	Elapsed: 0.164	Loglikelihood: -68651.8	(delta): 0.0733888
35 (QN/Block) 	Elapsed: 0.166	Loglikelihood: -68651.8	(delta): 0.0524379
36 (QN/Block) 	Elapsed: 0.167	Loglikelihood: -68651.8	(delta): 0.044365
37 (QN/Block) 	Elapsed: 0.17	Loglikelihood: -68651.7	(delta): 0.0872966
38 (QN/Block) 	Elapsed: 0.166	Loglikelihood: -68651.5	(delta): 0.183178
39 (QN/Block) 	Elapsed: 0.159	Loglikelihood: -68651.1	(delta): 0.39357
40 (QN/Block) 	Elapsed: 0.177	Loglikelihood: -68650.6	(delta): 0.536547
41 (QN/Block) 	Elapsed: 0.21	Loglikelihood: -68650.3	(delta): 0.289079
42 (QN/Block) 	Elapsed: 0.169	Loglikelihood: -68648.7	(delta): 1.53687
43 (QN/Block) 	Elapsed: 0.175	Loglikelihood: -68646.7	(delta): 2.00927
44 (QN/Block) 	Elapsed: 0.167	Loglikelihood: -68643.8	(delta): 2.9347
45 (QN/Block) 	Elapsed: 0.159	Loglikelihood: -68643.1	(delta): 0.705592
46 (QN/Block) 	Elapsed: 0.164	Loglikelihood: -68641.8	(delta): 1.27857
47 (QN/Block) 	Elapsed: 0.162	Loglikelihood: -68641.5	(delta): 0.254155
48 (QN/Block) 	Elapsed: 0.163	Loglikelihood: -68641.4	(delta): 0.105959
49 (QN/Block) 	Elapsed: 0.168	Loglikelihood: -68641.3	(delta): 0.0951096
50 (QN/Block) 	Elapsed: 0.166	Loglikelihood: -68641.3	(delta): 0.091566
51 (QN/Block) 	Elapsed: 0.159	Loglikelihood: -68641.1	(delta): 0.136494
52 (QN/Block) 	Elapsed: 0.16	Loglikelihood: -68640.9	(delta): 0.183624
53 (QN/Block) 	Elapsed: 0.185	Loglikelihood: -68640.8	(delta): 0.103784
54 (QN/Block) 	Elapsed: 0.175	Loglikelihood: -68640.8	(delta): 0.0580452
55 (QN/Block) 	Elapsed: 0.178	Loglikelihood: -68640.7	(delta): 0.085777
56 (QN/Block) 	Elapsed: 0.186	Loglikelihood: -68640.2	(delta): 0.449658
57 (QN/Block) 	Elapsed: 0.176	Loglikelihood: -68640	(delta): 0.258246
58 (QN/Block) 	Elapsed: 0.167	Loglikelihood: -68639.2	(delta): 0.7594
59 (QN/Block) 	Elapsed: 0.165	Loglikelihood: -68638.2	(delta): 0.980716
60 (QN/Block) 	Elapsed: 0.159	Loglikelihood: -68638.1	(delta): 0.112867
61 (QN/Block) 	Elapsed: 0.167	Loglikelihood: -68637.9	(delta): 0.193687
62 (QN/Block) 	Elapsed: 0.154	Loglikelihood: -68637.4	(delta): 0.509977
63 (QN/Block) 	Elapsed: 0.157	Loglikelihood: -68637	(delta): 0.40907
64 (QN/Block) 	Elapsed: 0.162	Loglikelihood: -68636.9	(delta): 0.135673
65 (QN/Block) 	Elapsed: 0.159	Loglikelihood: -68636.7	(delta): 0.130908
66 (QN/Block) 	Elapsed: 0.158	Loglikelihood: -68636.5	(delta): 0.215748
67 (QN/Block) 	Elapsed: 0.161	Loglikelihood: -68636.4	(delta): 0.0987796
68 (QN/Block) 	Elapsed: 0.17	Loglikelihood: -68636.4	(delta): 0.0744239
69 (QN/Block) 	Elapsed: 0.156	Loglikelihood: -68636.3	(delta): 0.0668961
70 (QN/Block) 	Elapsed: 0.166	Loglikelihood: -68636.2	(delta): 0.0542388
71 (QN/Block) 	Elapsed: 0.168	Loglikelihood: -68636.2	(delta): 0.00593063
72 (QN/Block) 	Elapsed: 0.157	Loglikelihood: -68636.2	(delta): 0.00813774
73 (QN/Block) 	Elapsed: 0.154	Loglikelihood: -68636.2	(delta): 0.0060466
74 (QN/Block) 	Elapsed: 0.162	Loglikelihood: -68636.2	(delta): 0.00256032
75 (QN/Block) 	Elapsed: 0.154	Loglikelihood: -68636.2	(delta): 0.000858096
76 (QN/Block) 	Elapsed: 0.153	Loglikelihood: -68636.2	(delta): 0.000405588
77 (QN/Block) 	Elapsed: 0.156	Loglikelihood: -68636.2	(delta): 0.000216346
78 (QN/Block) 	Elapsed: 0.155	Loglikelihood: -68636.2	(delta): 0.000314696
79 (QN/Block) 	Elapsed: 0.161	Loglikelihood: -68636.2	(delta): 8.06806e-05
Summary: 
Converged in 79 iterations (14.101 sec)
Loglikelihood: -68636.208161
Fst divergences between estimated populations: 
	Pop0	Pop1	Pop2	Pop3	Pop4	Pop5	Pop6	Pop7	Pop8	Pop9	Pop10	Pop11	Pop12	Pop13	Pop14	Pop15	Pop16	Pop17	Pop18	Pop19	Pop20	Pop21	Pop22	Pop23	Pop24	Pop25	
Pop0	
Pop1	0.658	
Pop2	0.638	0.805	
Pop3	0.415	0.477	0.710	
Pop4	0.664	0.169	0.812	0.491	
Pop5	0.668	0.173	0.815	0.498	0.133	
Pop6	0.422	0.509	0.726	0.078	0.523	0.527	
Pop7	0.652	0.259	0.799	0.471	0.272	0.274	0.501	
Pop8	0.429	0.496	0.716	0.082	0.511	0.516	0.110	0.492	
Pop9	0.662	0.192	0.809	0.489	0.153	0.147	0.519	0.295	0.507	
Pop10	0.410	0.468	0.706	0.046	0.477	0.485	0.080	0.461	0.079	0.478	
Pop11	0.430	0.514	0.726	0.057	0.526	0.531	0.079	0.505	0.085	0.524	0.059	
Pop12	0.660	0.220	0.817	0.480	0.192	0.219	0.508	0.298	0.498	0.237	0.470	0.515	
Pop13	0.665	0.177	0.814	0.486	0.186	0.181	0.517	0.290	0.507	0.213	0.474	0.524	0.218	
Pop14	0.656	0.181	0.803	0.480	0.202	0.206	0.509	0.266	0.497	0.191	0.469	0.515	0.250	0.195	
Pop15	0.415	0.486	0.716	0.047	0.498	0.504	0.074	0.481	0.080	0.497	0.041	0.054	0.486	0.493	0.486	
Pop16	0.662	0.194	0.811	0.478	0.209	0.187	0.510	0.271	0.498	0.198	0.467	0.515	0.229	0.195	0.182	0.486	
Pop17	0.414	0.471	0.715	0.044	0.487	0.494	0.070	0.468	0.068	0.486	0.036	0.049	0.475	0.485	0.474	0.038	0.474	
Pop18	0.430	0.495	0.728	0.041	0.509	0.515	0.073	0.488	0.077	0.508	0.034	0.050	0.500	0.503	0.498	0.037	0.495	0.026	
Pop19	0.647	0.231	0.797	0.456	0.221	0.230	0.487	0.297	0.474	0.218	0.449	0.491	0.240	0.207	0.205	0.464	0.244	0.451	0.474	
Pop20	0.413	0.504	0.711	0.089	0.515	0.520	0.104	0.497	0.122	0.515	0.079	0.100	0.500	0.510	0.503	0.084	0.504	0.078	0.078	0.484	
Pop21	0.655	0.173	0.801	0.480	0.149	0.136	0.509	0.282	0.503	0.169	0.468	0.516	0.223	0.165	0.195	0.487	0.181	0.478	0.497	0.225	0.503	
Pop22	0.429	0.511	0.716	0.125	0.523	0.529	0.138	0.507	0.148	0.522	0.114	0.133	0.512	0.521	0.513	0.116	0.517	0.114	0.129	0.488	0.137	0.514	
Pop23	0.653	0.182	0.799	0.480	0.197	0.188	0.508	0.278	0.499	0.210	0.473	0.512	0.238	0.197	0.197	0.490	0.225	0.478	0.501	0.232	0.507	0.185	0.514	
Pop24	0.666	0.147	0.818	0.486	0.156	0.170	0.517	0.276	0.506	0.174	0.475	0.522	0.214	0.184	0.207	0.494	0.182	0.484	0.504	0.243	0.513	0.159	0.522	0.206	
Pop25	0.413	0.483	0.702	0.085	0.496	0.500	0.101	0.482	0.105	0.491	0.082	0.092	0.484	0.492	0.484	0.079	0.483	0.071	0.083	0.461	0.116	0.486	0.153	0.485	0.491	
Pop26	0.426	0.500	0.727	0.047	0.515	0.521	0.066	0.495	0.085	0.512	0.048	0.060	0.497	0.508	0.502	0.043	0.501	0.041	0.040	0.477	0.084	0.502	0.115	0.505	0.510	0.082	
CV error (K=27): 0.31777
Bootstrap replicate #0
