****                   ADMIXTURE Version 1.3.0                  ****
****                    Copyright 2008-2015                     ****
****           David Alexander, Suyash Shringarpure,            ****
****                John  Novembre, Ken Lange                   ****
****                                                            ****
****                 Please cite our paper!                     ****
****   Information at www.genetics.ucla.edu/software/admixture  ****

Cross-validation will be performed.  Folds=10.
Parallel execution requested.  Will use 8 threads.
Random seed: 43
Point estimation method: Block relaxation algorithm
Convergence acceleration algorithm: QuasiNewton, 3 secant conditions
Point estimation will terminate when objective function delta < 0.0001
Will perform 2000 bootstrap resamplings to estimate standard errors.
Reestimation for each bootstrap replicate will terminate at 3 iterations
Size of G: 241x831
Average base pair separation between consecutive markers: 0.0759036
Block size that will be used for block bootstrap: 131746032
Performing five EM steps to prime main algorithm
1 (EM) 	Elapsed: 0.005	Loglikelihood: -118394	(delta): 185197
2 (EM) 	Elapsed: 0.005	Loglikelihood: -114684	(delta): 3709.62
3 (EM) 	Elapsed: 0.005	Loglikelihood: -113791	(delta): 893.249
4 (EM) 	Elapsed: 0.005	Loglikelihood: -113370	(delta): 420.527
5 (EM) 	Elapsed: 0.005	Loglikelihood: -113162	(delta): 208.025
Initial loglikelihood: -113162
Starting main algorithm
1 (QN/Block) 	Elapsed: 0.015	Loglikelihood: -90848.8	(delta): 22313.4
2 (QN/Block) 	Elapsed: 0.015	Loglikelihood: -85991.7	(delta): 4857.11
3 (QN/Block) 	Elapsed: 0.017	Loglikelihood: -82545.3	(delta): 3446.4
4 (QN/Block) 	Elapsed: 0.016	Loglikelihood: -81078.1	(delta): 1467.23
5 (QN/Block) 	Elapsed: 0.017	Loglikelihood: -80718.6	(delta): 359.504
6 (QN/Block) 	Elapsed: 0.016	Loglikelihood: -80670.5	(delta): 48.0579
7 (QN/Block) 	Elapsed: 0.018	Loglikelihood: -80669.2	(delta): 1.32006
8 (QN/Block) 	Elapsed: 0.017	Loglikelihood: -80669.2	(delta): 0.0318111
9 (QN/Block) 	Elapsed: 0.016	Loglikelihood: -80669.2	(delta): 0.011152
10 (QN/Block) 	Elapsed: 0.016	Loglikelihood: -80669.2	(delta): 0.00278692
11 (QN/Block) 	Elapsed: 0.018	Loglikelihood: -80669.2	(delta): 0.00111998
12 (QN/Block) 	Elapsed: 0.018	Loglikelihood: -80669.2	(delta): 2.42435e-08
Summary: 
Converged in 12 iterations (0.241 sec)
Loglikelihood: -80669.158095
Fst divergences between estimated populations: 
	Pop0	
Pop0	
Pop1	0.447	
CV error (K=2): 0.20307
Bootstrap replicate #0
