****                   ADMIXTURE Version 1.3.0                  ****
****                    Copyright 2008-2015                     ****
****           David Alexander, Suyash Shringarpure,            ****
****                John  Novembre, Ken Lange                   ****
****                                                            ****
****                 Please cite our paper!                     ****
****   Information at www.genetics.ucla.edu/software/admixture  ****

Cross-validation will be performed.  Folds=10.
Parallel execution requested.  Will use 8 threads.
Random seed: 43
Point estimation method: Block relaxation algorithm
Convergence acceleration algorithm: QuasiNewton, 3 secant conditions
Point estimation will terminate when objective function delta < 0.0001
Will perform 2000 bootstrap resamplings to estimate standard errors.
Reestimation for each bootstrap replicate will terminate at 3 iterations
Size of G: 241x831
Average base pair separation between consecutive markers: 0.0759036
Block size that will be used for block bootstrap: 131746032
Performing five EM steps to prime main algorithm
1 (EM) 	Elapsed: 0.139	Loglikelihood: -119398	(delta): 132413
2 (EM) 	Elapsed: 0.141	Loglikelihood: -113344	(delta): 6053.72
3 (EM) 	Elapsed: 0.153	Loglikelihood: -112051	(delta): 1292.86
4 (EM) 	Elapsed: 0.136	Loglikelihood: -110749	(delta): 1302.35
5 (EM) 	Elapsed: 0.169	Loglikelihood: -108923	(delta): 1825.86
Initial loglikelihood: -108923
Starting main algorithm
1 (QN/Block) 	Elapsed: 0.222	Loglikelihood: -76305.4	(delta): 32617.7
2 (QN/Block) 	Elapsed: 0.213	Loglikelihood: -72635	(delta): 3670.39
3 (QN/Block) 	Elapsed: 0.206	Loglikelihood: -70664.7	(delta): 1970.33
4 (QN/Block) 	Elapsed: 0.214	Loglikelihood: -69575.3	(delta): 1089.4
5 (QN/Block) 	Elapsed: 0.184	Loglikelihood: -69099.2	(delta): 476.151
6 (QN/Block) 	Elapsed: 0.22	Loglikelihood: -68918.9	(delta): 180.283
7 (QN/Block) 	Elapsed: 0.221	Loglikelihood: -68836.7	(delta): 82.1463
8 (QN/Block) 	Elapsed: 0.208	Loglikelihood: -68788.2	(delta): 48.5149
9 (QN/Block) 	Elapsed: 0.199	Loglikelihood: -68764.6	(delta): 23.6319
10 (QN/Block) 	Elapsed: 0.204	Loglikelihood: -68752.3	(delta): 12.2502
11 (QN/Block) 	Elapsed: 0.19	Loglikelihood: -68734.9	(delta): 17.4518
12 (QN/Block) 	Elapsed: 0.176	Loglikelihood: -68720.1	(delta): 14.7981
13 (QN/Block) 	Elapsed: 0.172	Loglikelihood: -68707.4	(delta): 12.6807
14 (QN/Block) 	Elapsed: 0.176	Loglikelihood: -68700.2	(delta): 7.17721
15 (QN/Block) 	Elapsed: 0.18	Loglikelihood: -68694.9	(delta): 5.3118
16 (QN/Block) 	Elapsed: 0.194	Loglikelihood: -68690.6	(delta): 4.28846
17 (QN/Block) 	Elapsed: 0.185	Loglikelihood: -68687.8	(delta): 2.84727
18 (QN/Block) 	Elapsed: 0.171	Loglikelihood: -68686.1	(delta): 1.66033
19 (QN/Block) 	Elapsed: 0.177	Loglikelihood: -68682.7	(delta): 3.39215
20 (QN/Block) 	Elapsed: 0.189	Loglikelihood: -68678.8	(delta): 3.93053
21 (QN/Block) 	Elapsed: 0.201	Loglikelihood: -68676.8	(delta): 2.02382
22 (QN/Block) 	Elapsed: 0.192	Loglikelihood: -68674.6	(delta): 2.22734
23 (QN/Block) 	Elapsed: 0.185	Loglikelihood: -68670.5	(delta): 4.09716
24 (QN/Block) 	Elapsed: 0.181	Loglikelihood: -68665.7	(delta): 4.7157
25 (QN/Block) 	Elapsed: 0.193	Loglikelihood: -68639.1	(delta): 26.6578
26 (QN/Block) 	Elapsed: 0.179	Loglikelihood: -68617.3	(delta): 21.7941
27 (QN/Block) 	Elapsed: 0.192	Loglikelihood: -68589.5	(delta): 27.7781
28 (QN/Block) 	Elapsed: 0.187	Loglikelihood: -68566.3	(delta): 23.2465
29 (QN/Block) 	Elapsed: 0.18	Loglikelihood: -68551.1	(delta): 15.2067
30 (QN/Block) 	Elapsed: 0.219	Loglikelihood: -68534.9	(delta): 16.1666
31 (QN/Block) 	Elapsed: 0.192	Loglikelihood: -68524.2	(delta): 10.6475
32 (QN/Block) 	Elapsed: 0.187	Loglikelihood: -68516.7	(delta): 7.49828
33 (QN/Block) 	Elapsed: 0.201	Loglikelihood: -68504.2	(delta): 12.5117
34 (QN/Block) 	Elapsed: 0.198	Loglikelihood: -68495.1	(delta): 9.13117
35 (QN/Block) 	Elapsed: 0.192	Loglikelihood: -68743.7	(delta): -248.57
36 (QN/Block) 	Elapsed: 0.19	Loglikelihood: -68699.5	(delta): 44.1803
37 (QN/Block) 	Elapsed: 0.206	Loglikelihood: -68643.6	(delta): 55.8906
38 (QN/Block) 	Elapsed: 0.192	Loglikelihood: -68611	(delta): 32.57
39 (QN/Block) 	Elapsed: 0.202	Loglikelihood: -68596.5	(delta): 14.4954
40 (QN/Block) 	Elapsed: 0.2	Loglikelihood: -68586.1	(delta): 10.396
41 (QN/Block) 	Elapsed: 0.178	Loglikelihood: -68525.7	(delta): 60.3917
42 (QN/Block) 	Elapsed: 0.184	Loglikelihood: -68370	(delta): 155.786
43 (QN/Block) 	Elapsed: 0.178	Loglikelihood: -68228.6	(delta): 141.31
44 (QN/Block) 	Elapsed: 0.191	Loglikelihood: -68133.4	(delta): 95.2561
45 (QN/Block) 	Elapsed: 0.173	Loglikelihood: -68107.2	(delta): 26.188
46 (QN/Block) 	Elapsed: 0.174	Loglikelihood: -68096.1	(delta): 11.1301
47 (QN/Block) 	Elapsed: 0.18	Loglikelihood: -68086.6	(delta): 9.4772
48 (QN/Block) 	Elapsed: 0.185	Loglikelihood: -68079.8	(delta): 6.8121
49 (QN/Block) 	Elapsed: 0.218	Loglikelihood: -68075	(delta): 4.75549
50 (QN/Block) 	Elapsed: 0.185	Loglikelihood: -68066.9	(delta): 8.13998
51 (QN/Block) 	Elapsed: 0.176	Loglikelihood: -68056.2	(delta): 10.7026
52 (QN/Block) 	Elapsed: 0.178	Loglikelihood: -68052.7	(delta): 3.52908
53 (QN/Block) 	Elapsed: 0.182	Loglikelihood: -68049.7	(delta): 2.99585
54 (QN/Block) 	Elapsed: 0.173	Loglikelihood: -68045	(delta): 4.63516
55 (QN/Block) 	Elapsed: 0.192	Loglikelihood: -68038.8	(delta): 6.21041
56 (QN/Block) 	Elapsed: 0.186	Loglikelihood: -68032.9	(delta): 5.92384
57 (QN/Block) 	Elapsed: 0.177	Loglikelihood: -68029.1	(delta): 3.79063
58 (QN/Block) 	Elapsed: 0.192	Loglikelihood: -68027.1	(delta): 2.00945
59 (QN/Block) 	Elapsed: 0.194	Loglikelihood: -68024.2	(delta): 2.92283
60 (QN/Block) 	Elapsed: 0.198	Loglikelihood: -68021.5	(delta): 2.64366
61 (QN/Block) 	Elapsed: 0.182	Loglikelihood: -68020.2	(delta): 1.33662
62 (QN/Block) 	Elapsed: 0.196	Loglikelihood: -68019.9	(delta): 0.334185
63 (QN/Block) 	Elapsed: 0.177	Loglikelihood: -68019.6	(delta): 0.237184
64 (QN/Block) 	Elapsed: 0.188	Loglikelihood: -68019.4	(delta): 0.202844
65 (QN/Block) 	Elapsed: 0.188	Loglikelihood: -68019.3	(delta): 0.107086
66 (QN/Block) 	Elapsed: 0.19	Loglikelihood: -68019.2	(delta): 0.12536
67 (QN/Block) 	Elapsed: 0.173	Loglikelihood: -68019.1	(delta): 0.0830879
68 (QN/Block) 	Elapsed: 0.178	Loglikelihood: -68019	(delta): 0.0680197
69 (QN/Block) 	Elapsed: 0.178	Loglikelihood: -68019	(delta): 0.0460289
70 (QN/Block) 	Elapsed: 0.175	Loglikelihood: -68019	(delta): 0.0161334
71 (QN/Block) 	Elapsed: 0.181	Loglikelihood: -68019	(delta): 0.00983875
72 (QN/Block) 	Elapsed: 0.182	Loglikelihood: -68019	(delta): 0.00365698
73 (QN/Block) 	Elapsed: 0.18	Loglikelihood: -68019	(delta): 0.00412497
74 (QN/Block) 	Elapsed: 0.204	Loglikelihood: -68019	(delta): 0.000560139
75 (QN/Block) 	Elapsed: 0.193	Loglikelihood: -68019	(delta): 0.000277984
76 (QN/Block) 	Elapsed: 0.171	Loglikelihood: -68019	(delta): 5.54654e-05
Summary: 
Converged in 76 iterations (15.309 sec)
Loglikelihood: -68018.952114
Fst divergences between estimated populations: 
	Pop0	Pop1	Pop2	Pop3	Pop4	Pop5	Pop6	Pop7	Pop8	Pop9	Pop10	Pop11	Pop12	Pop13	Pop14	Pop15	Pop16	Pop17	Pop18	Pop19	Pop20	Pop21	Pop22	Pop23	Pop24	Pop25	Pop26	Pop27	
Pop0	
Pop1	0.489	
Pop2	0.489	0.066	
Pop3	0.295	0.483	0.481	
Pop4	0.204	0.522	0.524	0.314	
Pop5	0.472	0.114	0.102	0.464	0.503	
Pop6	0.466	0.068	0.051	0.459	0.497	0.087	
Pop7	0.488	0.061	0.045	0.479	0.522	0.094	0.043	
Pop8	0.473	0.074	0.058	0.467	0.505	0.099	0.043	0.048	
Pop9	0.464	0.071	0.058	0.453	0.495	0.093	0.044	0.048	0.053	
Pop10	0.264	0.502	0.505	0.290	0.251	0.481	0.481	0.501	0.484	0.474	
Pop11	0.479	0.111	0.102	0.470	0.506	0.139	0.088	0.094	0.101	0.100	0.486	
Pop12	0.791	0.709	0.721	0.787	0.804	0.693	0.706	0.721	0.707	0.704	0.794	0.697	
Pop13	0.475	0.086	0.068	0.469	0.508	0.106	0.060	0.061	0.066	0.065	0.485	0.107	0.698	
Pop14	0.238	0.513	0.517	0.314	0.177	0.495	0.492	0.514	0.498	0.486	0.250	0.493	0.785	0.500	
Pop15	0.613	0.285	0.277	0.602	0.634	0.296	0.272	0.283	0.279	0.280	0.619	0.289	0.687	0.275	0.623	
Pop16	0.204	0.505	0.505	0.292	0.154	0.482	0.479	0.503	0.488	0.477	0.272	0.491	0.787	0.488	0.181	0.620	
Pop17	0.234	0.497	0.497	0.304	0.274	0.475	0.473	0.494	0.479	0.469	0.267	0.480	0.777	0.478	0.280	0.603	0.263	
Pop18	0.230	0.506	0.509	0.297	0.186	0.485	0.482	0.505	0.489	0.478	0.229	0.488	0.781	0.489	0.201	0.616	0.200	0.259	
Pop19	0.253	0.514	0.517	0.270	0.187	0.497	0.490	0.513	0.496	0.485	0.256	0.500	0.802	0.498	0.234	0.627	0.213	0.255	0.228	
Pop20	0.235	0.499	0.502	0.313	0.257	0.480	0.476	0.498	0.483	0.472	0.240	0.481	0.773	0.479	0.278	0.611	0.268	0.271	0.257	0.259	
Pop21	0.498	0.075	0.046	0.488	0.532	0.098	0.034	0.033	0.040	0.041	0.511	0.097	0.728	0.059	0.525	0.286	0.512	0.503	0.514	0.523	0.508	
Pop22	0.258	0.511	0.513	0.306	0.206	0.488	0.485	0.509	0.494	0.483	0.269	0.492	0.792	0.495	0.191	0.620	0.203	0.283	0.214	0.225	0.299	0.519	
Pop23	0.205	0.501	0.502	0.253	0.158	0.479	0.475	0.500	0.483	0.472	0.248	0.486	0.786	0.485	0.202	0.615	0.178	0.245	0.201	0.158	0.255	0.508	0.201	
Pop24	0.636	0.391	0.400	0.628	0.654	0.391	0.385	0.395	0.386	0.389	0.643	0.394	0.637	0.382	0.639	0.436	0.638	0.627	0.638	0.648	0.629	0.405	0.642	0.635	
Pop25	0.256	0.504	0.506	0.286	0.204	0.478	0.479	0.502	0.488	0.478	0.222	0.488	0.777	0.487	0.215	0.614	0.202	0.250	0.173	0.239	0.251	0.513	0.237	0.215	0.634	
Pop26	0.253	0.498	0.500	0.313	0.230	0.483	0.477	0.492	0.483	0.471	0.294	0.485	0.796	0.483	0.238	0.619	0.230	0.318	0.245	0.259	0.288	0.510	0.261	0.212	0.634	0.255	
Pop27	0.269	0.509	0.510	0.358	0.251	0.495	0.492	0.511	0.499	0.488	0.293	0.498	0.803	0.495	0.246	0.627	0.249	0.310	0.237	0.254	0.291	0.524	0.258	0.235	0.649	0.235	0.317	
Pop28	0.278	0.496	0.497	0.275	0.237	0.476	0.472	0.494	0.478	0.467	0.260	0.482	0.787	0.480	0.253	0.611	0.242	0.286	0.261	0.192	0.300	0.505	0.235	0.227	0.632	0.250	0.257	0.304	
CV error (K=29): 0.34094
Bootstrap replicate #0
