****                   ADMIXTURE Version 1.3.0                  ****
****                    Copyright 2008-2015                     ****
****           David Alexander, Suyash Shringarpure,            ****
****                John  Novembre, Ken Lange                   ****
****                                                            ****
****                 Please cite our paper!                     ****
****   Information at www.genetics.ucla.edu/software/admixture  ****

Cross-validation will be performed.  Folds=10.
Parallel execution requested.  Will use 8 threads.
Random seed: 43
Point estimation method: Block relaxation algorithm
Convergence acceleration algorithm: QuasiNewton, 3 secant conditions
Point estimation will terminate when objective function delta < 0.0001
Will perform 2000 bootstrap resamplings to estimate standard errors.
Reestimation for each bootstrap replicate will terminate at 3 iterations
Size of G: 241x831
Average base pair separation between consecutive markers: 0.0759036
Block size that will be used for block bootstrap: 131746032
Performing five EM steps to prime main algorithm
1 (EM) 	Elapsed: 0.143	Loglikelihood: -119351	(delta): 132159
2 (EM) 	Elapsed: 0.146	Loglikelihood: -113367	(delta): 5983.56
3 (EM) 	Elapsed: 0.145	Loglikelihood: -112143	(delta): 1223.62
4 (EM) 	Elapsed: 0.15	Loglikelihood: -110983	(delta): 1160.57
5 (EM) 	Elapsed: 0.147	Loglikelihood: -109395	(delta): 1587.34
Initial loglikelihood: -109395
Starting main algorithm
1 (QN/Block) 	Elapsed: 0.216	Loglikelihood: -76022.9	(delta): 33372.5
2 (QN/Block) 	Elapsed: 0.206	Loglikelihood: -72362.5	(delta): 3660.44
3 (QN/Block) 	Elapsed: 0.214	Loglikelihood: -70493.7	(delta): 1868.84
4 (QN/Block) 	Elapsed: 0.195	Loglikelihood: -69598.8	(delta): 894.831
5 (QN/Block) 	Elapsed: 0.199	Loglikelihood: -69256.2	(delta): 342.588
6 (QN/Block) 	Elapsed: 0.228	Loglikelihood: -69076.5	(delta): 179.785
7 (QN/Block) 	Elapsed: 0.202	Loglikelihood: -68972	(delta): 104.483
8 (QN/Block) 	Elapsed: 0.209	Loglikelihood: -68900	(delta): 71.978
9 (QN/Block) 	Elapsed: 0.204	Loglikelihood: -68835	(delta): 64.9522
10 (QN/Block) 	Elapsed: 0.19	Loglikelihood: -68795.9	(delta): 39.1455
11 (QN/Block) 	Elapsed: 0.2	Loglikelihood: -68765.5	(delta): 30.4355
12 (QN/Block) 	Elapsed: 0.194	Loglikelihood: -68747.8	(delta): 17.6489
13 (QN/Block) 	Elapsed: 0.189	Loglikelihood: -68728.9	(delta): 18.8761
14 (QN/Block) 	Elapsed: 0.187	Loglikelihood: -68713.8	(delta): 15.1801
15 (QN/Block) 	Elapsed: 0.197	Loglikelihood: -68693	(delta): 20.776
16 (QN/Block) 	Elapsed: 0.199	Loglikelihood: -68680	(delta): 12.9618
17 (QN/Block) 	Elapsed: 0.186	Loglikelihood: -68660.3	(delta): 19.7136
18 (QN/Block) 	Elapsed: 0.181	Loglikelihood: -68638.5	(delta): 21.8428
19 (QN/Block) 	Elapsed: 0.173	Loglikelihood: -68619.9	(delta): 18.5818
20 (QN/Block) 	Elapsed: 0.193	Loglikelihood: -68610.4	(delta): 9.43544
21 (QN/Block) 	Elapsed: 0.171	Loglikelihood: -68604.7	(delta): 5.69116
22 (QN/Block) 	Elapsed: 0.165	Loglikelihood: -68599.8	(delta): 4.98578
23 (QN/Block) 	Elapsed: 0.172	Loglikelihood: -68597.7	(delta): 2.09892
24 (QN/Block) 	Elapsed: 0.166	Loglikelihood: -68596.6	(delta): 1.07009
25 (QN/Block) 	Elapsed: 0.176	Loglikelihood: -68595.7	(delta): 0.860801
26 (QN/Block) 	Elapsed: 0.167	Loglikelihood: -68594.2	(delta): 1.56274
27 (QN/Block) 	Elapsed: 0.168	Loglikelihood: -68593.1	(delta): 1.07539
28 (QN/Block) 	Elapsed: 0.165	Loglikelihood: -68591.6	(delta): 1.46489
29 (QN/Block) 	Elapsed: 0.176	Loglikelihood: -68590.6	(delta): 0.982167
30 (QN/Block) 	Elapsed: 0.167	Loglikelihood: -68588.3	(delta): 2.32678
31 (QN/Block) 	Elapsed: 0.186	Loglikelihood: -68587.5	(delta): 0.781421
32 (QN/Block) 	Elapsed: 0.173	Loglikelihood: -68586	(delta): 1.52751
33 (QN/Block) 	Elapsed: 0.164	Loglikelihood: -68581.2	(delta): 4.841
34 (QN/Block) 	Elapsed: 0.165	Loglikelihood: -68577.3	(delta): 3.83713
35 (QN/Block) 	Elapsed: 0.161	Loglikelihood: -68576.5	(delta): 0.84588
36 (QN/Block) 	Elapsed: 0.167	Loglikelihood: -68575.3	(delta): 1.15615
37 (QN/Block) 	Elapsed: 0.175	Loglikelihood: -68574.6	(delta): 0.687706
38 (QN/Block) 	Elapsed: 0.168	Loglikelihood: -68574.3	(delta): 0.304432
39 (QN/Block) 	Elapsed: 0.175	Loglikelihood: -68573.7	(delta): 0.670174
40 (QN/Block) 	Elapsed: 0.17	Loglikelihood: -68573.5	(delta): 0.161691
41 (QN/Block) 	Elapsed: 0.166	Loglikelihood: -68573.4	(delta): 0.117148
42 (QN/Block) 	Elapsed: 0.171	Loglikelihood: -68573.3	(delta): 0.12782
43 (QN/Block) 	Elapsed: 0.178	Loglikelihood: -68573.2	(delta): 0.0985944
44 (QN/Block) 	Elapsed: 0.166	Loglikelihood: -68573.1	(delta): 0.0782201
45 (QN/Block) 	Elapsed: 0.19	Loglikelihood: -68573	(delta): 0.108839
46 (QN/Block) 	Elapsed: 0.189	Loglikelihood: -68572.8	(delta): 0.169986
47 (QN/Block) 	Elapsed: 0.184	Loglikelihood: -68572.7	(delta): 0.0714965
48 (QN/Block) 	Elapsed: 0.182	Loglikelihood: -68572.6	(delta): 0.186717
49 (QN/Block) 	Elapsed: 0.195	Loglikelihood: -68572.5	(delta): 0.0460073
50 (QN/Block) 	Elapsed: 0.18	Loglikelihood: -68572.5	(delta): 0.0481703
51 (QN/Block) 	Elapsed: 0.18	Loglikelihood: -68572.4	(delta): 0.0617639
52 (QN/Block) 	Elapsed: 0.186	Loglikelihood: -68572.4	(delta): 0.0395766
53 (QN/Block) 	Elapsed: 0.167	Loglikelihood: -68572.3	(delta): 0.0533516
54 (QN/Block) 	Elapsed: 0.178	Loglikelihood: -68572.2	(delta): 0.12919
55 (QN/Block) 	Elapsed: 0.166	Loglikelihood: -68572	(delta): 0.141769
56 (QN/Block) 	Elapsed: 0.183	Loglikelihood: -68571.8	(delta): 0.193097
57 (QN/Block) 	Elapsed: 0.179	Loglikelihood: -68571.7	(delta): 0.106071
58 (QN/Block) 	Elapsed: 0.182	Loglikelihood: -68571.6	(delta): 0.11527
59 (QN/Block) 	Elapsed: 0.195	Loglikelihood: -68570.7	(delta): 0.889069
60 (QN/Block) 	Elapsed: 0.181	Loglikelihood: -68569	(delta): 1.75015
61 (QN/Block) 	Elapsed: 0.17	Loglikelihood: -68567.1	(delta): 1.90249
62 (QN/Block) 	Elapsed: 0.168	Loglikelihood: -68565.8	(delta): 1.27293
63 (QN/Block) 	Elapsed: 0.166	Loglikelihood: -68564.6	(delta): 1.23936
64 (QN/Block) 	Elapsed: 0.175	Loglikelihood: -68563.4	(delta): 1.13679
65 (QN/Block) 	Elapsed: 0.181	Loglikelihood: -68551.1	(delta): 12.3214
66 (QN/Block) 	Elapsed: 0.169	Loglikelihood: -68545.3	(delta): 5.77043
67 (QN/Block) 	Elapsed: 0.171	Loglikelihood: -68543.8	(delta): 1.55368
68 (QN/Block) 	Elapsed: 0.186	Loglikelihood: -68541.8	(delta): 2.00799
69 (QN/Block) 	Elapsed: 0.174	Loglikelihood: -68540.8	(delta): 0.972964
70 (QN/Block) 	Elapsed: 0.179	Loglikelihood: -68540.1	(delta): 0.71969
71 (QN/Block) 	Elapsed: 0.173	Loglikelihood: -68539.1	(delta): 1.00108
72 (QN/Block) 	Elapsed: 0.195	Loglikelihood: -68538.8	(delta): 0.275183
73 (QN/Block) 	Elapsed: 0.21	Loglikelihood: -68538.7	(delta): 0.142109
74 (QN/Block) 	Elapsed: 0.19	Loglikelihood: -68538.6	(delta): 0.0968708
75 (QN/Block) 	Elapsed: 0.177	Loglikelihood: -68538.5	(delta): 0.104409
76 (QN/Block) 	Elapsed: 0.178	Loglikelihood: -68538.3	(delta): 0.160603
77 (QN/Block) 	Elapsed: 0.168	Loglikelihood: -68537.9	(delta): 0.383523
78 (QN/Block) 	Elapsed: 0.177	Loglikelihood: -68537.7	(delta): 0.202496
79 (QN/Block) 	Elapsed: 0.196	Loglikelihood: -68537.6	(delta): 0.125917
80 (QN/Block) 	Elapsed: 0.189	Loglikelihood: -68537.5	(delta): 0.0943936
81 (QN/Block) 	Elapsed: 0.189	Loglikelihood: -68537.3	(delta): 0.151401
82 (QN/Block) 	Elapsed: 0.176	Loglikelihood: -68537.2	(delta): 0.139177
83 (QN/Block) 	Elapsed: 0.193	Loglikelihood: -68537.2	(delta): 0.0441899
84 (QN/Block) 	Elapsed: 0.171	Loglikelihood: -68537.1	(delta): 0.0163236
85 (QN/Block) 	Elapsed: 0.204	Loglikelihood: -68537.1	(delta): 0.0114697
86 (QN/Block) 	Elapsed: 0.19	Loglikelihood: -68537.1	(delta): 0.0147214
87 (QN/Block) 	Elapsed: 0.183	Loglikelihood: -68537.1	(delta): 0.0376188
88 (QN/Block) 	Elapsed: 0.208	Loglikelihood: -68537	(delta): 0.0341802
89 (QN/Block) 	Elapsed: 0.198	Loglikelihood: -68537	(delta): 0.0420804
90 (QN/Block) 	Elapsed: 0.176	Loglikelihood: -68537	(delta): 0.044584
91 (QN/Block) 	Elapsed: 0.172	Loglikelihood: -68536.9	(delta): 0.0217839
92 (QN/Block) 	Elapsed: 0.199	Loglikelihood: -68536.9	(delta): 0.00970156
93 (QN/Block) 	Elapsed: 0.198	Loglikelihood: -68536.9	(delta): 0.0124827
94 (QN/Block) 	Elapsed: 0.197	Loglikelihood: -68536.8	(delta): 0.125527
95 (QN/Block) 	Elapsed: 0.191	Loglikelihood: -68536.8	(delta): 0.03398
96 (QN/Block) 	Elapsed: 0.18	Loglikelihood: -68536.7	(delta): 0.0366585
97 (QN/Block) 	Elapsed: 0.19	Loglikelihood: -68536.7	(delta): 0.0477832
98 (QN/Block) 	Elapsed: 0.197	Loglikelihood: -68536.6	(delta): 0.0646355
99 (QN/Block) 	Elapsed: 0.171	Loglikelihood: -68536.5	(delta): 0.142906
100 (QN/Block) 	Elapsed: 0.206	Loglikelihood: -68536.3	(delta): 0.116543
101 (QN/Block) 	Elapsed: 0.194	Loglikelihood: -68536.2	(delta): 0.143081
102 (QN/Block) 	Elapsed: 0.186	Loglikelihood: -68536.2	(delta): 0.0191064
103 (QN/Block) 	Elapsed: 0.187	Loglikelihood: -68536.2	(delta): 0.0120066
104 (QN/Block) 	Elapsed: 0.176	Loglikelihood: -68536.2	(delta): 0.0093116
105 (QN/Block) 	Elapsed: 0.195	Loglikelihood: -68536.2	(delta): 0.00772149
106 (QN/Block) 	Elapsed: 0.202	Loglikelihood: -68536.1	(delta): 0.00833576
107 (QN/Block) 	Elapsed: 0.186	Loglikelihood: -68536.1	(delta): 0.00267551
108 (QN/Block) 	Elapsed: 0.175	Loglikelihood: -68536.1	(delta): 0.000195599
109 (QN/Block) 	Elapsed: 0.187	Loglikelihood: -68536.1	(delta): 0.000184728
110 (QN/Block) 	Elapsed: 0.191	Loglikelihood: -68536.1	(delta): 3.46156e-05
Summary: 
Converged in 110 iterations (21.192 sec)
Loglikelihood: -68536.142109
Fst divergences between estimated populations: 
	Pop0	Pop1	Pop2	Pop3	Pop4	Pop5	Pop6	Pop7	Pop8	Pop9	Pop10	Pop11	Pop12	Pop13	Pop14	Pop15	Pop16	Pop17	Pop18	Pop19	Pop20	Pop21	Pop22	Pop23	Pop24	Pop25	Pop26	
Pop0	
Pop1	0.345	
Pop2	0.208	0.361	
Pop3	0.774	0.774	0.799	
Pop4	0.269	0.399	0.291	0.810	
Pop5	0.192	0.344	0.202	0.779	0.279	
Pop6	0.197	0.338	0.195	0.788	0.253	0.197	
Pop7	0.516	0.479	0.536	0.714	0.528	0.521	0.521	
Pop8	0.467	0.437	0.486	0.693	0.484	0.471	0.468	0.076	
Pop9	0.216	0.342	0.202	0.781	0.326	0.221	0.250	0.523	0.477	
Pop10	0.211	0.340	0.200	0.795	0.280	0.227	0.187	0.532	0.481	0.208	
Pop11	0.210	0.346	0.203	0.786	0.268	0.211	0.190	0.527	0.479	0.226	0.209	
Pop12	0.215	0.333	0.214	0.788	0.253	0.177	0.209	0.517	0.465	0.216	0.193	0.212	
Pop13	0.171	0.315	0.154	0.779	0.216	0.191	0.187	0.511	0.461	0.196	0.166	0.173	0.183	
Pop14	0.229	0.320	0.255	0.769	0.282	0.239	0.225	0.504	0.456	0.258	0.232	0.249	0.235	0.218	
Pop15	0.483	0.452	0.503	0.700	0.502	0.487	0.487	0.075	0.042	0.494	0.499	0.495	0.483	0.476	0.473	
Pop16	0.484	0.451	0.504	0.701	0.501	0.488	0.489	0.070	0.046	0.495	0.499	0.496	0.485	0.480	0.475	0.046	
Pop17	0.483	0.446	0.500	0.704	0.498	0.486	0.485	0.062	0.035	0.491	0.495	0.494	0.480	0.477	0.470	0.036	0.037	
Pop18	0.636	0.623	0.655	0.619	0.655	0.638	0.644	0.417	0.401	0.642	0.652	0.645	0.642	0.639	0.628	0.409	0.405	0.412	
Pop19	0.477	0.435	0.495	0.694	0.494	0.481	0.478	0.080	0.061	0.487	0.488	0.485	0.476	0.471	0.461	0.058	0.057	0.050	0.407	
Pop20	0.217	0.323	0.182	0.780	0.291	0.211	0.198	0.522	0.470	0.180	0.193	0.207	0.176	0.166	0.272	0.489	0.492	0.486	0.642	0.482	
Pop21	0.207	0.346	0.204	0.776	0.296	0.228	0.228	0.518	0.466	0.214	0.234	0.222	0.234	0.199	0.263	0.485	0.486	0.483	0.638	0.479	0.228	
Pop22	0.508	0.474	0.527	0.714	0.521	0.513	0.511	0.081	0.064	0.517	0.522	0.520	0.508	0.503	0.497	0.069	0.064	0.057	0.415	0.075	0.512	0.509	
Pop23	0.227	0.350	0.265	0.792	0.306	0.219	0.256	0.515	0.466	0.243	0.251	0.238	0.220	0.215	0.248	0.484	0.483	0.481	0.642	0.478	0.268	0.276	0.506	
Pop24	0.495	0.456	0.515	0.709	0.514	0.499	0.499	0.064	0.047	0.506	0.510	0.507	0.494	0.489	0.483	0.046	0.044	0.036	0.415	0.050	0.500	0.495	0.057	0.492	
Pop25	0.513	0.479	0.531	0.719	0.533	0.517	0.515	0.077	0.038	0.522	0.527	0.523	0.512	0.505	0.501	0.037	0.034	0.031	0.422	0.053	0.517	0.515	0.070	0.511	0.038	
Pop26	0.286	0.397	0.295	0.771	0.343	0.289	0.287	0.512	0.463	0.278	0.314	0.310	0.275	0.256	0.283	0.480	0.481	0.478	0.631	0.475	0.306	0.269	0.508	0.299	0.493	0.508	
Pop27	0.494	0.462	0.515	0.706	0.506	0.500	0.497	0.072	0.059	0.505	0.508	0.506	0.494	0.489	0.483	0.060	0.059	0.054	0.413	0.069	0.500	0.497	0.068	0.495	0.059	0.057	0.493	
CV error (K=28): 0.32824
Bootstrap replicate #0
