****                   ADMIXTURE Version 1.3.0                  ****
****                    Copyright 2008-2015                     ****
****           David Alexander, Suyash Shringarpure,            ****
****                John  Novembre, Ken Lange                   ****
****                                                            ****
****                 Please cite our paper!                     ****
****   Information at www.genetics.ucla.edu/software/admixture  ****

Cross-validation will be performed.  Folds=10.
Parallel execution requested.  Will use 8 threads.
Random seed: 43
Point estimation method: Block relaxation algorithm
Convergence acceleration algorithm: QuasiNewton, 3 secant conditions
Point estimation will terminate when objective function delta < 0.0001
Will perform 2000 bootstrap resamplings to estimate standard errors.
Reestimation for each bootstrap replicate will terminate at 3 iterations
Size of G: 241x831
Average base pair separation between consecutive markers: 0.0759036
Block size that will be used for block bootstrap: 131746032
Performing five EM steps to prime main algorithm
1 (EM) 	Elapsed: 0.081	Loglikelihood: -119433	(delta): 134935
2 (EM) 	Elapsed: 0.089	Loglikelihood: -113752	(delta): 5680.06
3 (EM) 	Elapsed: 0.086	Loglikelihood: -112624	(delta): 1128.23
4 (EM) 	Elapsed: 0.1	Loglikelihood: -111651	(delta): 973.286
5 (EM) 	Elapsed: 0.084	Loglikelihood: -110404	(delta): 1246.98
Initial loglikelihood: -110404
Starting main algorithm
1 (QN/Block) 	Elapsed: 0.159	Loglikelihood: -78773.9	(delta): 31630.1
2 (QN/Block) 	Elapsed: 0.113	Loglikelihood: -74674.6	(delta): 4099.26
3 (QN/Block) 	Elapsed: 0.113	Loglikelihood: -72341.7	(delta): 2332.94
4 (QN/Block) 	Elapsed: 0.11	Loglikelihood: -71362.3	(delta): 979.344
5 (QN/Block) 	Elapsed: 0.12	Loglikelihood: -71065.9	(delta): 296.423
6 (QN/Block) 	Elapsed: 0.112	Loglikelihood: -70947.4	(delta): 118.445
7 (QN/Block) 	Elapsed: 0.101	Loglikelihood: -70841.7	(delta): 105.741
8 (QN/Block) 	Elapsed: 0.106	Loglikelihood: -70753	(delta): 88.6971
9 (QN/Block) 	Elapsed: 0.124	Loglikelihood: -70703.6	(delta): 49.404
10 (QN/Block) 	Elapsed: 0.102	Loglikelihood: -70664.5	(delta): 39.0862
11 (QN/Block) 	Elapsed: 0.101	Loglikelihood: -70626.1	(delta): 38.4017
12 (QN/Block) 	Elapsed: 0.1	Loglikelihood: -70601.3	(delta): 24.8565
13 (QN/Block) 	Elapsed: 0.115	Loglikelihood: -70574.5	(delta): 26.7179
14 (QN/Block) 	Elapsed: 0.105	Loglikelihood: -70555	(delta): 19.524
15 (QN/Block) 	Elapsed: 0.103	Loglikelihood: -70539.1	(delta): 15.9138
16 (QN/Block) 	Elapsed: 0.103	Loglikelihood: -70526.6	(delta): 12.4705
17 (QN/Block) 	Elapsed: 0.106	Loglikelihood: -70520.6	(delta): 5.98554
18 (QN/Block) 	Elapsed: 0.117	Loglikelihood: -70516.7	(delta): 3.97463
19 (QN/Block) 	Elapsed: 0.101	Loglikelihood: -70514.5	(delta): 2.15356
20 (QN/Block) 	Elapsed: 0.12	Loglikelihood: -70511.5	(delta): 3.02975
21 (QN/Block) 	Elapsed: 0.113	Loglikelihood: -70504.7	(delta): 6.82693
22 (QN/Block) 	Elapsed: 0.104	Loglikelihood: -70498.8	(delta): 5.83632
23 (QN/Block) 	Elapsed: 0.1	Loglikelihood: -70494.3	(delta): 4.56226
24 (QN/Block) 	Elapsed: 0.094	Loglikelihood: -70493.3	(delta): 0.952054
25 (QN/Block) 	Elapsed: 0.101	Loglikelihood: -70492.5	(delta): 0.804536
26 (QN/Block) 	Elapsed: 0.1	Loglikelihood: -70491.1	(delta): 1.38856
27 (QN/Block) 	Elapsed: 0.095	Loglikelihood: -70489.9	(delta): 1.18428
28 (QN/Block) 	Elapsed: 0.106	Loglikelihood: -70489.2	(delta): 0.719208
29 (QN/Block) 	Elapsed: 0.123	Loglikelihood: -70488.9	(delta): 0.316564
30 (QN/Block) 	Elapsed: 0.113	Loglikelihood: -70488.1	(delta): 0.757953
31 (QN/Block) 	Elapsed: 0.111	Loglikelihood: -70487.5	(delta): 0.595899
32 (QN/Block) 	Elapsed: 0.114	Loglikelihood: -70486.6	(delta): 0.945065
33 (QN/Block) 	Elapsed: 0.116	Loglikelihood: -70482.3	(delta): 4.30578
34 (QN/Block) 	Elapsed: 0.111	Loglikelihood: -70478.8	(delta): 3.50649
35 (QN/Block) 	Elapsed: 0.114	Loglikelihood: -70470.2	(delta): 8.5499
36 (QN/Block) 	Elapsed: 0.133	Loglikelihood: -70421.2	(delta): 49.0011
37 (QN/Block) 	Elapsed: 0.136	Loglikelihood: -70280	(delta): 141.261
38 (QN/Block) 	Elapsed: 0.11	Loglikelihood: -70212.8	(delta): 67.2094
39 (QN/Block) 	Elapsed: 0.122	Loglikelihood: -70190.5	(delta): 22.2365
40 (QN/Block) 	Elapsed: 0.116	Loglikelihood: -70171.6	(delta): 18.9682
41 (QN/Block) 	Elapsed: 0.11	Loglikelihood: -70143.7	(delta): 27.8603
42 (QN/Block) 	Elapsed: 0.109	Loglikelihood: -70123.4	(delta): 20.278
43 (QN/Block) 	Elapsed: 0.111	Loglikelihood: -70118.2	(delta): 5.18188
44 (QN/Block) 	Elapsed: 0.106	Loglikelihood: -70116.4	(delta): 1.7959
45 (QN/Block) 	Elapsed: 0.128	Loglikelihood: -70114.5	(delta): 1.94978
46 (QN/Block) 	Elapsed: 0.119	Loglikelihood: -70113.9	(delta): 0.589526
47 (QN/Block) 	Elapsed: 0.137	Loglikelihood: -70113.7	(delta): 0.172883
48 (QN/Block) 	Elapsed: 0.179	Loglikelihood: -70113.5	(delta): 0.208136
49 (QN/Block) 	Elapsed: 0.102	Loglikelihood: -70113.4	(delta): 0.073182
50 (QN/Block) 	Elapsed: 0.096	Loglikelihood: -70113.4	(delta): 0.0146191
51 (QN/Block) 	Elapsed: 0.161	Loglikelihood: -70113.4	(delta): 0.0124118
52 (QN/Block) 	Elapsed: 0.107	Loglikelihood: -70113.4	(delta): 0.0132192
53 (QN/Block) 	Elapsed: 0.107	Loglikelihood: -70113.4	(delta): 0.0165697
54 (QN/Block) 	Elapsed: 0.115	Loglikelihood: -70113.4	(delta): 0.0365905
55 (QN/Block) 	Elapsed: 0.131	Loglikelihood: -70113.3	(delta): 0.0719552
56 (QN/Block) 	Elapsed: 0.117	Loglikelihood: -70113.2	(delta): 0.0853096
57 (QN/Block) 	Elapsed: 0.109	Loglikelihood: -70113.1	(delta): 0.0857482
58 (QN/Block) 	Elapsed: 0.109	Loglikelihood: -70113.1	(delta): 0.0487445
59 (QN/Block) 	Elapsed: 0.107	Loglikelihood: -70113.1	(delta): 0.00445278
60 (QN/Block) 	Elapsed: 0.11	Loglikelihood: -70113	(delta): 0.0689158
61 (QN/Block) 	Elapsed: 0.111	Loglikelihood: -70110.9	(delta): 2.13329
62 (QN/Block) 	Elapsed: 0.106	Loglikelihood: -70109.5	(delta): 1.37327
63 (QN/Block) 	Elapsed: 0.109	Loglikelihood: -70109.4	(delta): 0.066442
64 (QN/Block) 	Elapsed: 0.116	Loglikelihood: -70109.4	(delta): 0.0326015
65 (QN/Block) 	Elapsed: 0.111	Loglikelihood: -70109.3	(delta): 0.0778662
66 (QN/Block) 	Elapsed: 0.113	Loglikelihood: -70109.1	(delta): 0.185968
67 (QN/Block) 	Elapsed: 0.116	Loglikelihood: -70109.1	(delta): 0.0225527
68 (QN/Block) 	Elapsed: 0.113	Loglikelihood: -70109.1	(delta): 0.0128349
69 (QN/Block) 	Elapsed: 0.109	Loglikelihood: -70109.1	(delta): 0.0237707
70 (QN/Block) 	Elapsed: 0.108	Loglikelihood: -70109	(delta): 0.0520451
71 (QN/Block) 	Elapsed: 0.107	Loglikelihood: -70109	(delta): 0.0348315
72 (QN/Block) 	Elapsed: 0.113	Loglikelihood: -70109	(delta): 0.000962963
73 (QN/Block) 	Elapsed: 0.109	Loglikelihood: -70109	(delta): 0.000365304
74 (QN/Block) 	Elapsed: 0.105	Loglikelihood: -70109	(delta): 4.30767e-05
Summary: 
Converged in 74 iterations (8.963 sec)
Loglikelihood: -70108.972971
Fst divergences between estimated populations: 
	Pop0	Pop1	Pop2	Pop3	Pop4	Pop5	Pop6	Pop7	Pop8	Pop9	Pop10	Pop11	Pop12	Pop13	Pop14	Pop15	Pop16	Pop17	Pop18	
Pop0	
Pop1	0.631	
Pop2	0.411	0.461	
Pop3	0.644	0.295	0.488	
Pop4	0.655	0.270	0.505	0.170	
Pop5	0.412	0.484	0.058	0.503	0.522	
Pop6	0.639	0.243	0.487	0.191	0.145	0.505	
Pop7	0.639	0.240	0.491	0.185	0.137	0.509	0.157	
Pop8	0.413	0.456	0.022	0.484	0.499	0.070	0.482	0.486	
Pop9	0.402	0.450	0.028	0.478	0.490	0.072	0.475	0.478	0.022	
Pop10	0.402	0.452	0.041	0.472	0.492	0.074	0.475	0.477	0.045	0.047	
Pop11	0.640	0.279	0.488	0.225	0.176	0.506	0.174	0.195	0.482	0.472	0.478	
Pop12	0.413	0.471	0.034	0.493	0.513	0.052	0.495	0.499	0.038	0.041	0.050	0.495	
Pop13	0.618	0.781	0.711	0.794	0.802	0.710	0.779	0.780	0.709	0.700	0.696	0.782	0.715	
Pop14	0.634	0.234	0.480	0.176	0.137	0.497	0.125	0.156	0.473	0.464	0.468	0.164	0.486	0.774	
Pop15	0.411	0.470	0.028	0.495	0.511	0.063	0.493	0.498	0.032	0.033	0.048	0.495	0.039	0.711	0.485	
Pop16	0.637	0.202	0.480	0.172	0.144	0.500	0.144	0.155	0.474	0.465	0.467	0.166	0.487	0.779	0.136	0.487	
Pop17	0.642	0.249	0.488	0.187	0.143	0.503	0.143	0.175	0.483	0.473	0.474	0.182	0.495	0.787	0.145	0.493	0.121	
Pop18	0.406	0.452	0.022	0.479	0.494	0.060	0.477	0.482	0.027	0.029	0.046	0.476	0.038	0.704	0.469	0.030	0.469	0.476	
Pop19	0.642	0.250	0.496	0.175	0.117	0.514	0.138	0.142	0.490	0.482	0.486	0.168	0.504	0.781	0.143	0.502	0.137	0.150	0.485	
CV error (K=20): 0.30658
Bootstrap replicate #0
