****                   ADMIXTURE Version 1.3.0                  ****
****                    Copyright 2008-2015                     ****
****           David Alexander, Suyash Shringarpure,            ****
****                John  Novembre, Ken Lange                   ****
****                                                            ****
****                 Please cite our paper!                     ****
****   Information at www.genetics.ucla.edu/software/admixture  ****

Cross-validation will be performed.  Folds=10.
Parallel execution requested.  Will use 8 threads.
Random seed: 43
Point estimation method: Block relaxation algorithm
Convergence acceleration algorithm: QuasiNewton, 3 secant conditions
Point estimation will terminate when objective function delta < 0.0001
Will perform 2000 bootstrap resamplings to estimate standard errors.
Reestimation for each bootstrap replicate will terminate at 3 iterations
Size of G: 241x831
Average base pair separation between consecutive markers: 0.0759036
Block size that will be used for block bootstrap: 131746032
Performing five EM steps to prime main algorithm
1 (EM) 	Elapsed: 0.128	Loglikelihood: -119501	(delta): 133836
2 (EM) 	Elapsed: 0.136	Loglikelihood: -113482	(delta): 6019.82
3 (EM) 	Elapsed: 0.148	Loglikelihood: -112268	(delta): 1213.44
4 (EM) 	Elapsed: 0.13	Loglikelihood: -111141	(delta): 1127.37
5 (EM) 	Elapsed: 0.138	Loglikelihood: -109652	(delta): 1488.47
Initial loglikelihood: -109652
Starting main algorithm
1 (QN/Block) 	Elapsed: 0.193	Loglikelihood: -76271.7	(delta): 33380.7
2 (QN/Block) 	Elapsed: 0.229	Loglikelihood: -72778.4	(delta): 3493.28
3 (QN/Block) 	Elapsed: 0.18	Loglikelihood: -70805.4	(delta): 1973.02
4 (QN/Block) 	Elapsed: 0.234	Loglikelihood: -69841.7	(delta): 963.7
5 (QN/Block) 	Elapsed: 0.21	Loglikelihood: -69493.1	(delta): 348.619
6 (QN/Block) 	Elapsed: 0.195	Loglikelihood: -69340.9	(delta): 152.221
7 (QN/Block) 	Elapsed: 0.266	Loglikelihood: -69243.7	(delta): 97.215
8 (QN/Block) 	Elapsed: 0.259	Loglikelihood: -69199.5	(delta): 44.1925
9 (QN/Block) 	Elapsed: 0.216	Loglikelihood: -69171.8	(delta): 27.6702
10 (QN/Block) 	Elapsed: 0.168	Loglikelihood: -69145.7	(delta): 26.0721
11 (QN/Block) 	Elapsed: 0.178	Loglikelihood: -69132.9	(delta): 12.8333
12 (QN/Block) 	Elapsed: 0.176	Loglikelihood: -69123.8	(delta): 9.07379
13 (QN/Block) 	Elapsed: 0.148	Loglikelihood: -69113.6	(delta): 10.2607
14 (QN/Block) 	Elapsed: 0.151	Loglikelihood: -69108.1	(delta): 5.42049
15 (QN/Block) 	Elapsed: 0.157	Loglikelihood: -69104.9	(delta): 3.21636
16 (QN/Block) 	Elapsed: 0.162	Loglikelihood: -69098.9	(delta): 6.06178
17 (QN/Block) 	Elapsed: 0.148	Loglikelihood: -69094.6	(delta): 4.23813
18 (QN/Block) 	Elapsed: 0.143	Loglikelihood: -69092.7	(delta): 1.87581
19 (QN/Block) 	Elapsed: 0.192	Loglikelihood: -69091.9	(delta): 0.810982
20 (QN/Block) 	Elapsed: 0.208	Loglikelihood: -69091.4	(delta): 0.57583
21 (QN/Block) 	Elapsed: 0.189	Loglikelihood: -69090.6	(delta): 0.728343
22 (QN/Block) 	Elapsed: 0.172	Loglikelihood: -69090.1	(delta): 0.48774
23 (QN/Block) 	Elapsed: 0.209	Loglikelihood: -69089.9	(delta): 0.192859
24 (QN/Block) 	Elapsed: 0.265	Loglikelihood: -69089.6	(delta): 0.301262
25 (QN/Block) 	Elapsed: 0.281	Loglikelihood: -69089.5	(delta): 0.137201
26 (QN/Block) 	Elapsed: 0.251	Loglikelihood: -69089.4	(delta): 0.114413
27 (QN/Block) 	Elapsed: 0.161	Loglikelihood: -69089.3	(delta): 0.0767743
28 (QN/Block) 	Elapsed: 0.152	Loglikelihood: -69089.2	(delta): 0.0851003
29 (QN/Block) 	Elapsed: 0.148	Loglikelihood: -69089.2	(delta): 0.0416847
30 (QN/Block) 	Elapsed: 0.154	Loglikelihood: -69089.2	(delta): 0.0173969
31 (QN/Block) 	Elapsed: 0.165	Loglikelihood: -69089.2	(delta): 0.0188543
32 (QN/Block) 	Elapsed: 0.157	Loglikelihood: -69089.1	(delta): 0.0237452
33 (QN/Block) 	Elapsed: 0.156	Loglikelihood: -69089.1	(delta): 0.0333261
34 (QN/Block) 	Elapsed: 0.153	Loglikelihood: -69089.1	(delta): 0.0403443
35 (QN/Block) 	Elapsed: 0.144	Loglikelihood: -69089	(delta): 0.0174893
36 (QN/Block) 	Elapsed: 0.15	Loglikelihood: -69089	(delta): 0.00668421
37 (QN/Block) 	Elapsed: 0.177	Loglikelihood: -69089	(delta): 0.00782589
38 (QN/Block) 	Elapsed: 0.159	Loglikelihood: -69089	(delta): 0.0102328
39 (QN/Block) 	Elapsed: 0.164	Loglikelihood: -69089	(delta): 0.00133802
40 (QN/Block) 	Elapsed: 0.151	Loglikelihood: -69089	(delta): 0.000264698
41 (QN/Block) 	Elapsed: 0.152	Loglikelihood: -69089	(delta): 3.50198e-05
Summary: 
Converged in 41 iterations (8.311 sec)
Loglikelihood: -69089.011871
Fst divergences between estimated populations: 
	Pop0	Pop1	Pop2	Pop3	Pop4	Pop5	Pop6	Pop7	Pop8	Pop9	Pop10	Pop11	Pop12	Pop13	Pop14	Pop15	Pop16	Pop17	Pop18	Pop19	Pop20	Pop21	Pop22	Pop23	Pop24	
Pop0	
Pop1	0.684	
Pop2	0.684	0.352	
Pop3	0.675	0.313	0.272	
Pop4	0.691	0.379	0.155	0.258	
Pop5	0.667	0.293	0.204	0.227	0.218	
Pop6	0.579	0.454	0.498	0.451	0.503	0.463	
Pop7	0.364	0.621	0.621	0.612	0.628	0.607	0.528	
Pop8	0.791	0.796	0.776	0.777	0.792	0.765	0.786	0.690	
Pop9	0.695	0.390	0.145	0.286	0.194	0.204	0.526	0.631	0.788	
Pop10	0.680	0.342	0.192	0.254	0.205	0.177	0.489	0.617	0.774	0.192	
Pop11	0.685	0.394	0.289	0.297	0.311	0.281	0.508	0.623	0.789	0.292	0.283	
Pop12	0.116	0.588	0.593	0.577	0.598	0.571	0.492	0.317	0.738	0.604	0.587	0.595	
Pop13	0.084	0.599	0.607	0.593	0.612	0.589	0.475	0.306	0.752	0.620	0.604	0.607	0.094	
Pop14	0.081	0.628	0.634	0.622	0.639	0.614	0.519	0.336	0.763	0.645	0.629	0.635	0.100	0.069	
Pop15	0.683	0.436	0.402	0.355	0.423	0.346	0.512	0.613	0.773	0.408	0.390	0.428	0.592	0.606	0.631	
Pop16	0.700	0.367	0.146	0.281	0.177	0.172	0.523	0.635	0.792	0.128	0.167	0.291	0.607	0.622	0.648	0.414	
Pop17	0.698	0.348	0.176	0.260	0.182	0.202	0.516	0.635	0.797	0.177	0.200	0.279	0.603	0.620	0.646	0.412	0.154	
Pop18	0.697	0.392	0.164	0.276	0.161	0.203	0.523	0.635	0.796	0.152	0.206	0.314	0.607	0.620	0.646	0.417	0.156	0.200	
Pop19	0.069	0.644	0.643	0.633	0.648	0.625	0.538	0.345	0.776	0.655	0.641	0.651	0.086	0.065	0.066	0.644	0.659	0.657	0.656	
Pop20	0.121	0.541	0.556	0.541	0.557	0.536	0.404	0.282	0.726	0.567	0.550	0.553	0.106	0.063	0.093	0.551	0.568	0.564	0.568	0.091	
Pop21	0.687	0.340	0.269	0.278	0.270	0.252	0.484	0.623	0.784	0.289	0.276	0.336	0.590	0.609	0.635	0.377	0.272	0.259	0.272	0.645	0.554	
Pop22	0.677	0.344	0.290	0.268	0.306	0.268	0.476	0.616	0.779	0.313	0.303	0.355	0.585	0.598	0.627	0.350	0.309	0.307	0.303	0.635	0.545	0.303	
Pop23	0.475	0.640	0.641	0.630	0.645	0.625	0.586	0.445	0.636	0.648	0.636	0.643	0.420	0.427	0.441	0.630	0.650	0.653	0.650	0.454	0.401	0.641	0.631	
Pop24	0.668	0.436	0.411	0.377	0.424	0.379	0.472	0.601	0.769	0.422	0.399	0.447	0.577	0.591	0.616	0.406	0.426	0.432	0.411	0.628	0.537	0.389	0.351	0.622	
Pop25	0.116	0.550	0.564	0.551	0.569	0.547	0.434	0.302	0.731	0.576	0.562	0.568	0.097	0.060	0.087	0.563	0.579	0.574	0.578	0.077	0.062	0.561	0.554	0.405	0.547	
CV error (K=26): 0.27955
Bootstrap replicate #0
