****                   ADMIXTURE Version 1.3.0                  ****
****                    Copyright 2008-2015                     ****
****           David Alexander, Suyash Shringarpure,            ****
****                John  Novembre, Ken Lange                   ****
****                                                            ****
****                 Please cite our paper!                     ****
****   Information at www.genetics.ucla.edu/software/admixture  ****

Cross-validation will be performed.  Folds=10.
Parallel execution requested.  Will use 8 threads.
Random seed: 43
Point estimation method: Block relaxation algorithm
Convergence acceleration algorithm: QuasiNewton, 3 secant conditions
Point estimation will terminate when objective function delta < 0.0001
Will perform 2000 bootstrap resamplings to estimate standard errors.
Reestimation for each bootstrap replicate will terminate at 3 iterations
Size of G: 241x831
Average base pair separation between consecutive markers: 0.0759036
Block size that will be used for block bootstrap: 131746032
Performing five EM steps to prime main algorithm
1 (EM) 	Elapsed: 0.193	Loglikelihood: -119358	(delta): 133818
2 (EM) 	Elapsed: 0.127	Loglikelihood: -113532	(delta): 5826.36
3 (EM) 	Elapsed: 0.124	Loglikelihood: -112354	(delta): 1177.87
4 (EM) 	Elapsed: 0.119	Loglikelihood: -111231	(delta): 1122.9
5 (EM) 	Elapsed: 0.115	Loglikelihood: -109701	(delta): 1530.06
Initial loglikelihood: -109701
Starting main algorithm
1 (QN/Block) 	Elapsed: 0.149	Loglikelihood: -76816.7	(delta): 32884.6
2 (QN/Block) 	Elapsed: 0.156	Loglikelihood: -73077.4	(delta): 3739.2
3 (QN/Block) 	Elapsed: 0.185	Loglikelihood: -71063.8	(delta): 2013.62
4 (QN/Block) 	Elapsed: 0.186	Loglikelihood: -70019	(delta): 1044.83
5 (QN/Block) 	Elapsed: 0.157	Loglikelihood: -69640.4	(delta): 378.565
6 (QN/Block) 	Elapsed: 0.16	Loglikelihood: -69469	(delta): 171.422
7 (QN/Block) 	Elapsed: 0.17	Loglikelihood: -69359.3	(delta): 109.681
8 (QN/Block) 	Elapsed: 0.145	Loglikelihood: -69293.7	(delta): 65.6029
9 (QN/Block) 	Elapsed: 0.14	Loglikelihood: -69246.1	(delta): 47.6391
10 (QN/Block) 	Elapsed: 0.157	Loglikelihood: -69175.6	(delta): 70.4823
11 (QN/Block) 	Elapsed: 0.14	Loglikelihood: -69144.7	(delta): 30.894
12 (QN/Block) 	Elapsed: 0.141	Loglikelihood: -69130	(delta): 14.7078
13 (QN/Block) 	Elapsed: 0.15	Loglikelihood: -69117.5	(delta): 12.485
14 (QN/Block) 	Elapsed: 0.212	Loglikelihood: -69108.6	(delta): 8.883
15 (QN/Block) 	Elapsed: 0.159	Loglikelihood: -69100	(delta): 8.65575
16 (QN/Block) 	Elapsed: 0.141	Loglikelihood: -69092.5	(delta): 7.44967
17 (QN/Block) 	Elapsed: 0.149	Loglikelihood: -69081.6	(delta): 10.9763
18 (QN/Block) 	Elapsed: 0.142	Loglikelihood: -69062.7	(delta): 18.8783
19 (QN/Block) 	Elapsed: 0.144	Loglikelihood: -69043	(delta): 19.6729
20 (QN/Block) 	Elapsed: 0.145	Loglikelihood: -69033.6	(delta): 9.45132
21 (QN/Block) 	Elapsed: 0.205	Loglikelihood: -69025.3	(delta): 8.25148
22 (QN/Block) 	Elapsed: 0.186	Loglikelihood: -69013.4	(delta): 11.8822
23 (QN/Block) 	Elapsed: 0.165	Loglikelihood: -68998.7	(delta): 14.731
24 (QN/Block) 	Elapsed: 0.162	Loglikelihood: -68982.6	(delta): 16.1306
25 (QN/Block) 	Elapsed: 0.147	Loglikelihood: -68972.1	(delta): 10.4644
26 (QN/Block) 	Elapsed: 0.139	Loglikelihood: -68964.3	(delta): 7.76326
27 (QN/Block) 	Elapsed: 0.144	Loglikelihood: -68961.4	(delta): 2.94276
28 (QN/Block) 	Elapsed: 0.143	Loglikelihood: -68957.2	(delta): 4.19599
29 (QN/Block) 	Elapsed: 0.154	Loglikelihood: -68954.8	(delta): 2.40097
30 (QN/Block) 	Elapsed: 0.156	Loglikelihood: -68953.5	(delta): 1.24239
31 (QN/Block) 	Elapsed: 0.147	Loglikelihood: -68951.7	(delta): 1.81615
32 (QN/Block) 	Elapsed: 0.149	Loglikelihood: -68949.8	(delta): 1.88684
33 (QN/Block) 	Elapsed: 0.144	Loglikelihood: -68948.7	(delta): 1.187
34 (QN/Block) 	Elapsed: 0.167	Loglikelihood: -68946.6	(delta): 2.09482
35 (QN/Block) 	Elapsed: 0.145	Loglikelihood: -68944.4	(delta): 2.15094
36 (QN/Block) 	Elapsed: 0.169	Loglikelihood: -68941.1	(delta): 3.30901
37 (QN/Block) 	Elapsed: 0.143	Loglikelihood: -68936.9	(delta): 4.17729
38 (QN/Block) 	Elapsed: 0.141	Loglikelihood: -68931.9	(delta): 5.05976
39 (QN/Block) 	Elapsed: 0.146	Loglikelihood: -68925.4	(delta): 6.47198
40 (QN/Block) 	Elapsed: 0.141	Loglikelihood: -68921.9	(delta): 3.49761
41 (QN/Block) 	Elapsed: 0.155	Loglikelihood: -68914.7	(delta): 7.22063
42 (QN/Block) 	Elapsed: 0.153	Loglikelihood: -68905.1	(delta): 9.61613
43 (QN/Block) 	Elapsed: 0.151	Loglikelihood: -68892.2	(delta): 12.8446
44 (QN/Block) 	Elapsed: 0.151	Loglikelihood: -68885	(delta): 7.22257
45 (QN/Block) 	Elapsed: 0.143	Loglikelihood: -68879.9	(delta): 5.13396
46 (QN/Block) 	Elapsed: 0.136	Loglikelihood: -68872.5	(delta): 7.33872
47 (QN/Block) 	Elapsed: 0.15	Loglikelihood: -68870.7	(delta): 1.8095
48 (QN/Block) 	Elapsed: 0.147	Loglikelihood: -68869.7	(delta): 1.04297
49 (QN/Block) 	Elapsed: 0.144	Loglikelihood: -68868	(delta): 1.69931
50 (QN/Block) 	Elapsed: 0.138	Loglikelihood: -68867	(delta): 0.950179
51 (QN/Block) 	Elapsed: 0.152	Loglikelihood: -68866	(delta): 1.02116
52 (QN/Block) 	Elapsed: 0.137	Loglikelihood: -68865.7	(delta): 0.290282
53 (QN/Block) 	Elapsed: 0.143	Loglikelihood: -68865.5	(delta): 0.168225
54 (QN/Block) 	Elapsed: 0.145	Loglikelihood: -68865.4	(delta): 0.157702
55 (QN/Block) 	Elapsed: 0.139	Loglikelihood: -68865.2	(delta): 0.222161
56 (QN/Block) 	Elapsed: 0.135	Loglikelihood: -68865.1	(delta): 0.0845268
57 (QN/Block) 	Elapsed: 0.143	Loglikelihood: -68865	(delta): 0.084886
58 (QN/Block) 	Elapsed: 0.159	Loglikelihood: -68864.9	(delta): 0.0558895
59 (QN/Block) 	Elapsed: 0.158	Loglikelihood: -68864.5	(delta): 0.387434
60 (QN/Block) 	Elapsed: 0.146	Loglikelihood: -68864.2	(delta): 0.313845
61 (QN/Block) 	Elapsed: 0.143	Loglikelihood: -68864.2	(delta): 0.00801631
62 (QN/Block) 	Elapsed: 0.141	Loglikelihood: -68864.2	(delta): 0.00766447
63 (QN/Block) 	Elapsed: 0.145	Loglikelihood: -68864.2	(delta): 0.0179095
64 (QN/Block) 	Elapsed: 0.142	Loglikelihood: -68864.2	(delta): 0.0117901
65 (QN/Block) 	Elapsed: 0.151	Loglikelihood: -68864.2	(delta): 0.00848982
66 (QN/Block) 	Elapsed: 0.145	Loglikelihood: -68864.2	(delta): 0.00189444
67 (QN/Block) 	Elapsed: 0.143	Loglikelihood: -68864.2	(delta): 0.00380431
68 (QN/Block) 	Elapsed: 0.134	Loglikelihood: -68864.2	(delta): 9.17969e-05
Summary: 
Converged in 68 iterations (11.107 sec)
Loglikelihood: -68864.172464
Fst divergences between estimated populations: 
	Pop0	Pop1	Pop2	Pop3	Pop4	Pop5	Pop6	Pop7	Pop8	Pop9	Pop10	Pop11	Pop12	Pop13	Pop14	Pop15	Pop16	Pop17	Pop18	Pop19	Pop20	Pop21	Pop22	Pop23	
Pop0	
Pop1	0.521	
Pop2	0.400	0.636	
Pop3	0.520	0.193	0.640	
Pop4	0.051	0.482	0.386	0.484	
Pop5	0.517	0.160	0.628	0.193	0.477	
Pop6	0.276	0.620	0.447	0.624	0.267	0.609	
Pop7	0.056	0.487	0.390	0.485	0.042	0.483	0.282	
Pop8	0.538	0.147	0.647	0.189	0.498	0.130	0.631	0.506	
Pop9	0.513	0.236	0.632	0.284	0.476	0.212	0.613	0.481	0.256	
Pop10	0.054	0.513	0.391	0.510	0.053	0.508	0.278	0.048	0.530	0.505	
Pop11	0.480	0.521	0.632	0.540	0.450	0.499	0.588	0.455	0.557	0.508	0.479	
Pop12	0.719	0.782	0.638	0.794	0.704	0.768	0.690	0.709	0.795	0.779	0.713	0.810	
Pop13	0.522	0.219	0.632	0.253	0.481	0.199	0.616	0.488	0.227	0.257	0.512	0.508	0.771	
Pop14	0.529	0.192	0.644	0.239	0.489	0.151	0.628	0.494	0.185	0.209	0.520	0.537	0.792	0.214	
Pop15	0.522	0.160	0.635	0.192	0.483	0.157	0.617	0.490	0.143	0.206	0.514	0.522	0.778	0.216	0.168	
Pop16	0.049	0.500	0.387	0.500	0.047	0.496	0.272	0.049	0.516	0.489	0.050	0.461	0.707	0.499	0.506	0.500	
Pop17	0.516	0.162	0.639	0.221	0.477	0.156	0.618	0.483	0.185	0.207	0.508	0.516	0.786	0.197	0.200	0.185	0.494	
Pop18	0.058	0.505	0.394	0.507	0.045	0.498	0.274	0.061	0.521	0.495	0.061	0.465	0.709	0.503	0.511	0.505	0.058	0.498	
Pop19	0.508	0.219	0.621	0.237	0.466	0.207	0.602	0.475	0.229	0.227	0.498	0.485	0.762	0.248	0.226	0.208	0.485	0.204	0.487	
Pop20	0.525	0.166	0.638	0.201	0.482	0.166	0.619	0.491	0.166	0.232	0.516	0.531	0.777	0.201	0.194	0.172	0.501	0.166	0.504	0.223	
Pop21	0.532	0.180	0.645	0.205	0.491	0.165	0.628	0.497	0.146	0.236	0.523	0.530	0.791	0.197	0.135	0.165	0.509	0.191	0.512	0.217	0.179	
Pop22	0.088	0.516	0.419	0.530	0.044	0.514	0.303	0.069	0.535	0.515	0.087	0.503	0.729	0.520	0.523	0.517	0.079	0.515	0.080	0.504	0.519	0.526	
Pop23	0.056	0.486	0.376	0.484	0.041	0.480	0.266	0.048	0.502	0.479	0.052	0.457	0.695	0.485	0.492	0.485	0.050	0.480	0.060	0.471	0.486	0.495	0.068	
Pop24	0.050	0.500	0.392	0.499	0.045	0.495	0.270	0.045	0.517	0.490	0.048	0.462	0.709	0.500	0.506	0.501	0.045	0.494	0.054	0.484	0.502	0.510	0.080	0.052	
CV error (K=25): 0.34032
Bootstrap replicate #0
