****                   ADMIXTURE Version 1.3.0                  ****
****                    Copyright 2008-2015                     ****
****           David Alexander, Suyash Shringarpure,            ****
****                John  Novembre, Ken Lange                   ****
****                                                            ****
****                 Please cite our paper!                     ****
****   Information at www.genetics.ucla.edu/software/admixture  ****

Cross-validation will be performed.  Folds=10.
Parallel execution requested.  Will use 8 threads.
Random seed: 43
Point estimation method: Block relaxation algorithm
Convergence acceleration algorithm: QuasiNewton, 3 secant conditions
Point estimation will terminate when objective function delta < 0.0001
Will perform 2000 bootstrap resamplings to estimate standard errors.
Reestimation for each bootstrap replicate will terminate at 3 iterations
Size of G: 241x831
Average base pair separation between consecutive markers: 0.0759036
Block size that will be used for block bootstrap: 131746032
Performing five EM steps to prime main algorithm
1 (EM) 	Elapsed: 0.007	Loglikelihood: -120133	(delta): 166738
2 (EM) 	Elapsed: 0.008	Loglikelihood: -115364	(delta): 4768.54
3 (EM) 	Elapsed: 0.008	Loglikelihood: -114246	(delta): 1118.41
4 (EM) 	Elapsed: 0.008	Loglikelihood: -113597	(delta): 648.674
5 (EM) 	Elapsed: 0.008	Loglikelihood: -113145	(delta): 452.203
Initial loglikelihood: -113145
Starting main algorithm
1 (QN/Block) 	Elapsed: 0.021	Loglikelihood: -90532.1	(delta): 22613.1
2 (QN/Block) 	Elapsed: 0.019	Loglikelihood: -83805.9	(delta): 6726.13
3 (QN/Block) 	Elapsed: 0.021	Loglikelihood: -78695.6	(delta): 5110.32
4 (QN/Block) 	Elapsed: 0.022	Loglikelihood: -77460.5	(delta): 1235.12
5 (QN/Block) 	Elapsed: 0.022	Loglikelihood: -77212.7	(delta): 247.781
6 (QN/Block) 	Elapsed: 0.024	Loglikelihood: -77103.6	(delta): 109.105
7 (QN/Block) 	Elapsed: 0.023	Loglikelihood: -77050.1	(delta): 53.5031
8 (QN/Block) 	Elapsed: 0.023	Loglikelihood: -77042.4	(delta): 7.66418
9 (QN/Block) 	Elapsed: 0.023	Loglikelihood: -77041.4	(delta): 1.04203
10 (QN/Block) 	Elapsed: 0.024	Loglikelihood: -77041	(delta): 0.416935
11 (QN/Block) 	Elapsed: 0.023	Loglikelihood: -77040.9	(delta): 0.0904596
12 (QN/Block) 	Elapsed: 0.025	Loglikelihood: -77040.9	(delta): 0.0285204
13 (QN/Block) 	Elapsed: 0.022	Loglikelihood: -77040.8	(delta): 0.0347834
14 (QN/Block) 	Elapsed: 0.023	Loglikelihood: -77040.8	(delta): 0.0712163
15 (QN/Block) 	Elapsed: 0.022	Loglikelihood: -77040.7	(delta): 0.00786509
16 (QN/Block) 	Elapsed: 0.021	Loglikelihood: -77040.7	(delta): 0.000892329
17 (QN/Block) 	Elapsed: 0.023	Loglikelihood: -77040.7	(delta): 0.00102781
18 (QN/Block) 	Elapsed: 0.021	Loglikelihood: -77040.7	(delta): 0.000585945
19 (QN/Block) 	Elapsed: 0.022	Loglikelihood: -77040.7	(delta): 0.000567785
20 (QN/Block) 	Elapsed: 0.029	Loglikelihood: -77040.7	(delta): 0.000638489
21 (QN/Block) 	Elapsed: 0.029	Loglikelihood: -77040.7	(delta): 0.000324113
22 (QN/Block) 	Elapsed: 0.027	Loglikelihood: -77040.7	(delta): 5.11367e-05
Summary: 
Converged in 22 iterations (0.581 sec)
Loglikelihood: -77040.743812
Fst divergences between estimated populations: 
	Pop0	Pop1	
Pop0	
Pop1	0.766	
Pop2	0.697	0.486	
CV error (K=3): 0.20644
Bootstrap replicate #0
