****                   ADMIXTURE Version 1.3.0                  ****
****                    Copyright 2008-2015                     ****
****           David Alexander, Suyash Shringarpure,            ****
****                John  Novembre, Ken Lange                   ****
****                                                            ****
****                 Please cite our paper!                     ****
****   Information at www.genetics.ucla.edu/software/admixture  ****

Cross-validation will be performed.  Folds=10.
Parallel execution requested.  Will use 8 threads.
Random seed: 43
Point estimation method: Block relaxation algorithm
Convergence acceleration algorithm: QuasiNewton, 3 secant conditions
Point estimation will terminate when objective function delta < 0.0001
Will perform 2000 bootstrap resamplings to estimate standard errors.
Reestimation for each bootstrap replicate will terminate at 3 iterations
Size of G: 241x831
Average base pair separation between consecutive markers: 0.0759036
Block size that will be used for block bootstrap: 131746032
Performing five EM steps to prime main algorithm
1 (EM) 	Elapsed: 0.014	Loglikelihood: -121281	(delta): 150336
2 (EM) 	Elapsed: 0.014	Loglikelihood: -115660	(delta): 5621.44
3 (EM) 	Elapsed: 0.014	Loglikelihood: -114540	(delta): 1120.09
4 (EM) 	Elapsed: 0.014	Loglikelihood: -113874	(delta): 665.642
5 (EM) 	Elapsed: 0.014	Loglikelihood: -113325	(delta): 548.869
Initial loglikelihood: -113325
Starting main algorithm
1 (QN/Block) 	Elapsed: 0.031	Loglikelihood: -87906.2	(delta): 25419
2 (QN/Block) 	Elapsed: 0.03	Loglikelihood: -82326.5	(delta): 5579.73
3 (QN/Block) 	Elapsed: 0.038	Loglikelihood: -78016.4	(delta): 4310.1
4 (QN/Block) 	Elapsed: 0.037	Loglikelihood: -76588.5	(delta): 1427.91
5 (QN/Block) 	Elapsed: 0.033	Loglikelihood: -76123	(delta): 465.453
6 (QN/Block) 	Elapsed: 0.031	Loglikelihood: -75930.3	(delta): 192.674
7 (QN/Block) 	Elapsed: 0.033	Loglikelihood: -75855	(delta): 75.2896
8 (QN/Block) 	Elapsed: 0.032	Loglikelihood: -75823.6	(delta): 31.4628
9 (QN/Block) 	Elapsed: 0.034	Loglikelihood: -75812.7	(delta): 10.8484
10 (QN/Block) 	Elapsed: 0.032	Loglikelihood: -75803.1	(delta): 9.64876
11 (QN/Block) 	Elapsed: 0.033	Loglikelihood: -75795.4	(delta): 7.71322
12 (QN/Block) 	Elapsed: 0.033	Loglikelihood: -75790.5	(delta): 4.90852
13 (QN/Block) 	Elapsed: 0.033	Loglikelihood: -75787	(delta): 3.50218
14 (QN/Block) 	Elapsed: 0.034	Loglikelihood: -75784.5	(delta): 2.48715
15 (QN/Block) 	Elapsed: 0.035	Loglikelihood: -75776.4	(delta): 8.1233
16 (QN/Block) 	Elapsed: 0.039	Loglikelihood: -75771.3	(delta): 5.04955
17 (QN/Block) 	Elapsed: 0.034	Loglikelihood: -75767.1	(delta): 4.24534
18 (QN/Block) 	Elapsed: 0.045	Loglikelihood: -75764.9	(delta): 2.15938
19 (QN/Block) 	Elapsed: 0.032	Loglikelihood: -75762.2	(delta): 2.66528
20 (QN/Block) 	Elapsed: 0.034	Loglikelihood: -75758.3	(delta): 3.97059
21 (QN/Block) 	Elapsed: 0.033	Loglikelihood: -75755.2	(delta): 3.0644
22 (QN/Block) 	Elapsed: 0.033	Loglikelihood: -75754.2	(delta): 1.04069
23 (QN/Block) 	Elapsed: 0.049	Loglikelihood: -75752.7	(delta): 1.4634
24 (QN/Block) 	Elapsed: 0.043	Loglikelihood: -75751	(delta): 1.72722
25 (QN/Block) 	Elapsed: 0.035	Loglikelihood: -75750.6	(delta): 0.413885
26 (QN/Block) 	Elapsed: 0.035	Loglikelihood: -75749.9	(delta): 0.64221
27 (QN/Block) 	Elapsed: 0.033	Loglikelihood: -75748.2	(delta): 1.69279
28 (QN/Block) 	Elapsed: 0.034	Loglikelihood: -75747.5	(delta): 0.731327
29 (QN/Block) 	Elapsed: 0.034	Loglikelihood: -75746.3	(delta): 1.16139
30 (QN/Block) 	Elapsed: 0.034	Loglikelihood: -75746	(delta): 0.350917
31 (QN/Block) 	Elapsed: 0.033	Loglikelihood: -75745	(delta): 0.991263
32 (QN/Block) 	Elapsed: 0.034	Loglikelihood: -75744.7	(delta): 0.328381
33 (QN/Block) 	Elapsed: 0.033	Loglikelihood: -75744.5	(delta): 0.196127
34 (QN/Block) 	Elapsed: 0.033	Loglikelihood: -75744.2	(delta): 0.241985
35 (QN/Block) 	Elapsed: 0.034	Loglikelihood: -75744.1	(delta): 0.117269
36 (QN/Block) 	Elapsed: 0.032	Loglikelihood: -75744	(delta): 0.0493369
37 (QN/Block) 	Elapsed: 0.032	Loglikelihood: -75744	(delta): 0.046518
38 (QN/Block) 	Elapsed: 0.118	Loglikelihood: -75744	(delta): 0.0348962
39 (QN/Block) 	Elapsed: 0.032	Loglikelihood: -75744	(delta): 0.0176867
40 (QN/Block) 	Elapsed: 0.032	Loglikelihood: -75743.9	(delta): 0.0505538
41 (QN/Block) 	Elapsed: 0.034	Loglikelihood: -75743.9	(delta): 0.0455837
42 (QN/Block) 	Elapsed: 0.034	Loglikelihood: -75743.8	(delta): 0.0266785
43 (QN/Block) 	Elapsed: 0.033	Loglikelihood: -75743.7	(delta): 0.120389
44 (QN/Block) 	Elapsed: 0.031	Loglikelihood: -75743	(delta): 0.740531
45 (QN/Block) 	Elapsed: 0.037	Loglikelihood: -75742.9	(delta): 0.0231626
46 (QN/Block) 	Elapsed: 0.032	Loglikelihood: -75742.9	(delta): 0.00124768
47 (QN/Block) 	Elapsed: 0.037	Loglikelihood: -75742.9	(delta): 0.000196412
48 (QN/Block) 	Elapsed: 0.035	Loglikelihood: -75742.9	(delta): 0.000214731
49 (QN/Block) 	Elapsed: 0.033	Loglikelihood: -75742.9	(delta): 0.000428483
50 (QN/Block) 	Elapsed: 0.033	Loglikelihood: -75742.9	(delta): 0.000891636
51 (QN/Block) 	Elapsed: 0.033	Loglikelihood: -75742.9	(delta): 0.00184357
52 (QN/Block) 	Elapsed: 0.037	Loglikelihood: -75742.9	(delta): 0.00371268
53 (QN/Block) 	Elapsed: 0.032	Loglikelihood: -75742.9	(delta): 0.00796533
54 (QN/Block) 	Elapsed: 0.033	Loglikelihood: -75742.9	(delta): 0.0212061
55 (QN/Block) 	Elapsed: 0.033	Loglikelihood: -75742.9	(delta): 0.0245558
56 (QN/Block) 	Elapsed: 0.033	Loglikelihood: -75742.8	(delta): 0.0316304
57 (QN/Block) 	Elapsed: 0.034	Loglikelihood: -75742.8	(delta): 0.0353674
58 (QN/Block) 	Elapsed: 0.035	Loglikelihood: -75742.8	(delta): 0.0566548
59 (QN/Block) 	Elapsed: 0.033	Loglikelihood: -75742.5	(delta): 0.214202
60 (QN/Block) 	Elapsed: 0.033	Loglikelihood: -75741.8	(delta): 0.762122
61 (QN/Block) 	Elapsed: 0.033	Loglikelihood: -75741.5	(delta): 0.253874
62 (QN/Block) 	Elapsed: 0.033	Loglikelihood: -75741.5	(delta): 0.0382829
63 (QN/Block) 	Elapsed: 0.033	Loglikelihood: -75741.4	(delta): 0.064944
64 (QN/Block) 	Elapsed: 0.033	Loglikelihood: -75741.2	(delta): 0.218025
65 (QN/Block) 	Elapsed: 0.033	Loglikelihood: -75741.1	(delta): 0.153166
66 (QN/Block) 	Elapsed: 0.04	Loglikelihood: -75741	(delta): 0.0163129
67 (QN/Block) 	Elapsed: 0.031	Loglikelihood: -75741	(delta): 0.0244893
68 (QN/Block) 	Elapsed: 0.033	Loglikelihood: -75741	(delta): 0.0103256
69 (QN/Block) 	Elapsed: 0.033	Loglikelihood: -75741	(delta): 0.000847357
70 (QN/Block) 	Elapsed: 0.032	Loglikelihood: -75741	(delta): 0.00111873
71 (QN/Block) 	Elapsed: 0.031	Loglikelihood: -75741	(delta): 3.33339e-05
Summary: 
Converged in 71 iterations (2.658 sec)
Loglikelihood: -75740.999946
Fst divergences between estimated populations: 
	Pop0	Pop1	Pop2	Pop3	
Pop0	
Pop1	0.463	
Pop2	0.490	0.018	
Pop3	0.768	0.697	0.703	
Pop4	0.049	0.470	0.496	0.769	
CV error (K=5): 0.22681
Bootstrap replicate #0
