****                   ADMIXTURE Version 1.3.0                  ****
****                    Copyright 2008-2015                     ****
****           David Alexander, Suyash Shringarpure,            ****
****                John  Novembre, Ken Lange                   ****
****                                                            ****
****                 Please cite our paper!                     ****
****   Information at www.genetics.ucla.edu/software/admixture  ****

Cross-validation will be performed.  Folds=10.
Parallel execution requested.  Will use 8 threads.
Random seed: 43
Point estimation method: Block relaxation algorithm
Convergence acceleration algorithm: QuasiNewton, 3 secant conditions
Point estimation will terminate when objective function delta < 0.0001
Will perform 2000 bootstrap resamplings to estimate standard errors.
Reestimation for each bootstrap replicate will terminate at 3 iterations
Size of G: 241x831
Average base pair separation between consecutive markers: 0.0759036
Block size that will be used for block bootstrap: 131746032
Performing five EM steps to prime main algorithm
1 (EM) 	Elapsed: 0.019	Loglikelihood: -120979	(delta): 145947
2 (EM) 	Elapsed: 0.02	Loglikelihood: -115416	(delta): 5562.47
3 (EM) 	Elapsed: 0.019	Loglikelihood: -114236	(delta): 1180.55
4 (EM) 	Elapsed: 0.019	Loglikelihood: -113459	(delta): 776.657
5 (EM) 	Elapsed: 0.019	Loglikelihood: -112701	(delta): 758.135
Initial loglikelihood: -112701
Starting main algorithm
1 (QN/Block) 	Elapsed: 0.035	Loglikelihood: -85749.6	(delta): 26951.1
2 (QN/Block) 	Elapsed: 0.035	Loglikelihood: -81359.4	(delta): 4390.17
3 (QN/Block) 	Elapsed: 0.037	Loglikelihood: -77801.7	(delta): 3557.69
4 (QN/Block) 	Elapsed: 0.037	Loglikelihood: -76353.1	(delta): 1448.62
5 (QN/Block) 	Elapsed: 0.036	Loglikelihood: -75794.2	(delta): 558.966
6 (QN/Block) 	Elapsed: 0.037	Loglikelihood: -75584.4	(delta): 209.711
7 (QN/Block) 	Elapsed: 0.036	Loglikelihood: -75509.5	(delta): 74.9538
8 (QN/Block) 	Elapsed: 0.036	Loglikelihood: -75473.3	(delta): 36.1988
9 (QN/Block) 	Elapsed: 0.041	Loglikelihood: -75449.7	(delta): 23.6373
10 (QN/Block) 	Elapsed: 0.043	Loglikelihood: -75436.3	(delta): 13.3877
11 (QN/Block) 	Elapsed: 0.039	Loglikelihood: -75428.1	(delta): 8.14305
12 (QN/Block) 	Elapsed: 0.037	Loglikelihood: -75419.6	(delta): 8.5099
13 (QN/Block) 	Elapsed: 0.036	Loglikelihood: -75410.1	(delta): 9.49427
14 (QN/Block) 	Elapsed: 0.037	Loglikelihood: -75390.3	(delta): 19.8528
15 (QN/Block) 	Elapsed: 0.037	Loglikelihood: -75369.4	(delta): 20.889
16 (QN/Block) 	Elapsed: 0.035	Loglikelihood: -75359.8	(delta): 9.6085
17 (QN/Block) 	Elapsed: 0.037	Loglikelihood: -75353.7	(delta): 6.09648
18 (QN/Block) 	Elapsed: 0.038	Loglikelihood: -75351	(delta): 2.67118
19 (QN/Block) 	Elapsed: 0.037	Loglikelihood: -75348.7	(delta): 2.2674
20 (QN/Block) 	Elapsed: 0.037	Loglikelihood: -75347.2	(delta): 1.57777
21 (QN/Block) 	Elapsed: 0.044	Loglikelihood: -75346.3	(delta): 0.815598
22 (QN/Block) 	Elapsed: 0.055	Loglikelihood: -75344.3	(delta): 1.99
23 (QN/Block) 	Elapsed: 0.043	Loglikelihood: -75344	(delta): 0.355041
24 (QN/Block) 	Elapsed: 0.047	Loglikelihood: -75343.7	(delta): 0.287062
25 (QN/Block) 	Elapsed: 0.042	Loglikelihood: -75343.3	(delta): 0.398134
26 (QN/Block) 	Elapsed: 0.045	Loglikelihood: -75342.9	(delta): 0.420311
27 (QN/Block) 	Elapsed: 0.04	Loglikelihood: -75342.4	(delta): 0.526933
28 (QN/Block) 	Elapsed: 0.037	Loglikelihood: -75341.9	(delta): 0.501301
29 (QN/Block) 	Elapsed: 0.037	Loglikelihood: -75341.5	(delta): 0.40396
30 (QN/Block) 	Elapsed: 0.038	Loglikelihood: -75340.9	(delta): 0.597396
31 (QN/Block) 	Elapsed: 0.037	Loglikelihood: -75339.8	(delta): 1.06417
32 (QN/Block) 	Elapsed: 0.037	Loglikelihood: -75337.2	(delta): 2.63579
33 (QN/Block) 	Elapsed: 0.038	Loglikelihood: -75336.3	(delta): 0.832321
34 (QN/Block) 	Elapsed: 0.037	Loglikelihood: -75336.2	(delta): 0.146732
35 (QN/Block) 	Elapsed: 0.036	Loglikelihood: -75336.1	(delta): 0.0719352
36 (QN/Block) 	Elapsed: 0.039	Loglikelihood: -75331.8	(delta): 4.29137
37 (QN/Block) 	Elapsed: 0.037	Loglikelihood: -75328.6	(delta): 3.17306
38 (QN/Block) 	Elapsed: 0.039	Loglikelihood: -75328.3	(delta): 0.384565
39 (QN/Block) 	Elapsed: 0.039	Loglikelihood: -75328.2	(delta): 0.0714988
40 (QN/Block) 	Elapsed: 0.037	Loglikelihood: -75327.9	(delta): 0.237612
41 (QN/Block) 	Elapsed: 0.039	Loglikelihood: -75327.5	(delta): 0.421018
42 (QN/Block) 	Elapsed: 0.04	Loglikelihood: -75327	(delta): 0.563227
43 (QN/Block) 	Elapsed: 0.044	Loglikelihood: -75326.9	(delta): 0.0188549
44 (QN/Block) 	Elapsed: 0.04	Loglikelihood: -75326.9	(delta): 0.0212596
45 (QN/Block) 	Elapsed: 0.038	Loglikelihood: -75326.8	(delta): 0.102666
46 (QN/Block) 	Elapsed: 0.038	Loglikelihood: -75326.6	(delta): 0.19822
47 (QN/Block) 	Elapsed: 0.037	Loglikelihood: -75326.1	(delta): 0.561754
48 (QN/Block) 	Elapsed: 0.038	Loglikelihood: -75325.9	(delta): 0.172579
49 (QN/Block) 	Elapsed: 0.037	Loglikelihood: -75325.8	(delta): 0.0397383
50 (QN/Block) 	Elapsed: 0.041	Loglikelihood: -75325.8	(delta): 0.0779412
51 (QN/Block) 	Elapsed: 0.04	Loglikelihood: -75325.6	(delta): 0.175195
52 (QN/Block) 	Elapsed: 0.037	Loglikelihood: -75325.3	(delta): 0.254218
53 (QN/Block) 	Elapsed: 0.036	Loglikelihood: -75324.5	(delta): 0.831524
54 (QN/Block) 	Elapsed: 0.037	Loglikelihood: -75323.4	(delta): 1.13636
55 (QN/Block) 	Elapsed: 0.037	Loglikelihood: -75322.2	(delta): 1.14985
56 (QN/Block) 	Elapsed: 0.038	Loglikelihood: -75318.2	(delta): 4.04169
57 (QN/Block) 	Elapsed: 0.038	Loglikelihood: -75314.6	(delta): 3.60102
58 (QN/Block) 	Elapsed: 0.038	Loglikelihood: -75312.5	(delta): 2.04576
59 (QN/Block) 	Elapsed: 0.037	Loglikelihood: -75312.2	(delta): 0.31267
60 (QN/Block) 	Elapsed: 0.036	Loglikelihood: -75312	(delta): 0.223977
61 (QN/Block) 	Elapsed: 0.038	Loglikelihood: -75311.9	(delta): 0.134185
62 (QN/Block) 	Elapsed: 0.039	Loglikelihood: -75311.8	(delta): 0.0242585
63 (QN/Block) 	Elapsed: 0.038	Loglikelihood: -75311.8	(delta): 0.00269616
64 (QN/Block) 	Elapsed: 0.048	Loglikelihood: -75311.8	(delta): 0.00220292
65 (QN/Block) 	Elapsed: 0.04	Loglikelihood: -75311.8	(delta): 0.00344948
66 (QN/Block) 	Elapsed: 0.038	Loglikelihood: -75311.8	(delta): 0.00684028
67 (QN/Block) 	Elapsed: 0.037	Loglikelihood: -75311.8	(delta): 0.0156211
68 (QN/Block) 	Elapsed: 0.037	Loglikelihood: -75311.7	(delta): 0.0607808
69 (QN/Block) 	Elapsed: 0.039	Loglikelihood: -75311.5	(delta): 0.208866
70 (QN/Block) 	Elapsed: 0.038	Loglikelihood: -75310.6	(delta): 0.988956
71 (QN/Block) 	Elapsed: 0.038	Loglikelihood: -75310.3	(delta): 0.241752
72 (QN/Block) 	Elapsed: 0.038	Loglikelihood: -75310.3	(delta): 0.0243704
73 (QN/Block) 	Elapsed: 0.038	Loglikelihood: -75310.3	(delta): 0.0315224
74 (QN/Block) 	Elapsed: 0.038	Loglikelihood: -75310.2	(delta): 0.0528813
75 (QN/Block) 	Elapsed: 0.038	Loglikelihood: -75310.1	(delta): 0.100184
76 (QN/Block) 	Elapsed: 0.038	Loglikelihood: -75310	(delta): 0.0703403
77 (QN/Block) 	Elapsed: 0.039	Loglikelihood: -75310	(delta): 0.0186032
78 (QN/Block) 	Elapsed: 0.052	Loglikelihood: -75310	(delta): 0.0203879
79 (QN/Block) 	Elapsed: 0.038	Loglikelihood: -75310	(delta): 0.00277591
80 (QN/Block) 	Elapsed: 0.036	Loglikelihood: -75310	(delta): 0.00130704
81 (QN/Block) 	Elapsed: 0.035	Loglikelihood: -75310	(delta): 0.00056382
82 (QN/Block) 	Elapsed: 0.039	Loglikelihood: -75310	(delta): 0.000278347
83 (QN/Block) 	Elapsed: 0.035	Loglikelihood: -75310	(delta): 4.73204e-05
Summary: 
Converged in 83 iterations (3.411 sec)
Loglikelihood: -75309.985280
Fst divergences between estimated populations: 
	Pop0	Pop1	Pop2	Pop3	Pop4	
Pop0	
Pop1	0.491	
Pop2	0.477	0.049	
Pop3	0.020	0.480	0.465	
Pop4	0.017	0.474	0.460	0.013	
Pop5	0.702	0.781	0.771	0.704	0.703	
CV error (K=6): 0.23494
Bootstrap replicate #0
