****                   ADMIXTURE Version 1.3.0                  ****
****                    Copyright 2008-2015                     ****
****           David Alexander, Suyash Shringarpure,            ****
****                John  Novembre, Ken Lange                   ****
****                                                            ****
****                 Please cite our paper!                     ****
****   Information at www.genetics.ucla.edu/software/admixture  ****

Cross-validation will be performed.  Folds=10.
Parallel execution requested.  Will use 8 threads.
Random seed: 43
Point estimation method: Block relaxation algorithm
Convergence acceleration algorithm: QuasiNewton, 3 secant conditions
Point estimation will terminate when objective function delta < 0.0001
Will perform 2000 bootstrap resamplings to estimate standard errors.
Reestimation for each bootstrap replicate will terminate at 3 iterations
Size of G: 241x831
Average base pair separation between consecutive markers: 0.0759036
Block size that will be used for block bootstrap: 131746032
Performing five EM steps to prime main algorithm
1 (EM) 	Elapsed: 0.02	Loglikelihood: -120498	(delta): 144352
2 (EM) 	Elapsed: 0.02	Loglikelihood: -114981	(delta): 5516.98
3 (EM) 	Elapsed: 0.021	Loglikelihood: -113830	(delta): 1151.39
4 (EM) 	Elapsed: 0.02	Loglikelihood: -112957	(delta): 872.479
5 (EM) 	Elapsed: 0.02	Loglikelihood: -111962	(delta): 995.317
Initial loglikelihood: -111962
Starting main algorithm
1 (QN/Block) 	Elapsed: 0.035	Loglikelihood: -83918.8	(delta): 28043.4
2 (QN/Block) 	Elapsed: 0.034	Loglikelihood: -79980.3	(delta): 3938.54
3 (QN/Block) 	Elapsed: 0.038	Loglikelihood: -76868.5	(delta): 3111.75
4 (QN/Block) 	Elapsed: 0.043	Loglikelihood: -75548.1	(delta): 1320.39
5 (QN/Block) 	Elapsed: 0.046	Loglikelihood: -74933.5	(delta): 614.583
6 (QN/Block) 	Elapsed: 0.044	Loglikelihood: -74723.8	(delta): 209.772
7 (QN/Block) 	Elapsed: 0.046	Loglikelihood: -74645.6	(delta): 78.1595
8 (QN/Block) 	Elapsed: 0.039	Loglikelihood: -74622.3	(delta): 23.2525
9 (QN/Block) 	Elapsed: 0.038	Loglikelihood: -74614.3	(delta): 8.08456
10 (QN/Block) 	Elapsed: 0.04	Loglikelihood: -74608.6	(delta): 5.63748
11 (QN/Block) 	Elapsed: 0.042	Loglikelihood: -74601.9	(delta): 6.73253
12 (QN/Block) 	Elapsed: 0.043	Loglikelihood: -74594.9	(delta): 7.043
13 (QN/Block) 	Elapsed: 0.041	Loglikelihood: -74585.8	(delta): 9.02163
14 (QN/Block) 	Elapsed: 0.047	Loglikelihood: -74578.5	(delta): 7.30497
15 (QN/Block) 	Elapsed: 0.04	Loglikelihood: -74574	(delta): 4.56981
16 (QN/Block) 	Elapsed: 0.038	Loglikelihood: -74569.4	(delta): 4.52019
17 (QN/Block) 	Elapsed: 0.039	Loglikelihood: -74566.7	(delta): 2.69264
18 (QN/Block) 	Elapsed: 0.037	Loglikelihood: -74565.2	(delta): 1.58679
19 (QN/Block) 	Elapsed: 0.037	Loglikelihood: -74563.1	(delta): 2.04603
20 (QN/Block) 	Elapsed: 0.038	Loglikelihood: -74562.3	(delta): 0.8102
21 (QN/Block) 	Elapsed: 0.036	Loglikelihood: -74561.7	(delta): 0.595206
22 (QN/Block) 	Elapsed: 0.038	Loglikelihood: -74561.5	(delta): 0.179251
23 (QN/Block) 	Elapsed: 0.036	Loglikelihood: -74561.4	(delta): 0.141045
24 (QN/Block) 	Elapsed: 0.036	Loglikelihood: -74561.3	(delta): 0.0943359
25 (QN/Block) 	Elapsed: 0.04	Loglikelihood: -74561.1	(delta): 0.158856
26 (QN/Block) 	Elapsed: 0.041	Loglikelihood: -74560.9	(delta): 0.219665
27 (QN/Block) 	Elapsed: 0.048	Loglikelihood: -74560.9	(delta): 0.0282711
28 (QN/Block) 	Elapsed: 0.041	Loglikelihood: -74560.9	(delta): 0.0250108
29 (QN/Block) 	Elapsed: 0.039	Loglikelihood: -74560.7	(delta): 0.164906
30 (QN/Block) 	Elapsed: 0.04	Loglikelihood: -74560.4	(delta): 0.339801
31 (QN/Block) 	Elapsed: 0.039	Loglikelihood: -74560.2	(delta): 0.194517
32 (QN/Block) 	Elapsed: 0.039	Loglikelihood: -74559.9	(delta): 0.238258
33 (QN/Block) 	Elapsed: 0.039	Loglikelihood: -74559.7	(delta): 0.173369
34 (QN/Block) 	Elapsed: 0.039	Loglikelihood: -74559.7	(delta): 0.0634615
35 (QN/Block) 	Elapsed: 0.038	Loglikelihood: -74559.7	(delta): 0.0189533
36 (QN/Block) 	Elapsed: 0.037	Loglikelihood: -74559.7	(delta): 0.00660545
37 (QN/Block) 	Elapsed: 0.043	Loglikelihood: -74559.7	(delta): 0.00337861
38 (QN/Block) 	Elapsed: 0.042	Loglikelihood: -74559.7	(delta): 0.00324094
39 (QN/Block) 	Elapsed: 0.041	Loglikelihood: -74559.6	(delta): 0.00601013
40 (QN/Block) 	Elapsed: 0.042	Loglikelihood: -74559.6	(delta): 0.0116826
41 (QN/Block) 	Elapsed: 0.04	Loglikelihood: -74559.6	(delta): 0.0227385
42 (QN/Block) 	Elapsed: 0.049	Loglikelihood: -74559.6	(delta): 0.0441795
43 (QN/Block) 	Elapsed: 0.039	Loglikelihood: -74559.5	(delta): 0.0357071
44 (QN/Block) 	Elapsed: 0.038	Loglikelihood: -74559.5	(delta): 0.00257789
45 (QN/Block) 	Elapsed: 0.035	Loglikelihood: -74559.5	(delta): 0.000965569
46 (QN/Block) 	Elapsed: 0.036	Loglikelihood: -74559.5	(delta): 1.67144e-05
Summary: 
Converged in 46 iterations (2.006 sec)
Loglikelihood: -74559.526847
Fst divergences between estimated populations: 
	Pop0	Pop1	Pop2	Pop3	Pop4	Pop5	
Pop0	
Pop1	0.493	
Pop2	0.487	0.050	
Pop3	0.033	0.484	0.479	
Pop4	0.024	0.473	0.466	0.030	
Pop5	0.401	0.642	0.642	0.400	0.403	
Pop6	0.718	0.797	0.801	0.716	0.715	0.632	
CV error (K=7): 0.25692
Bootstrap replicate #0
