****                   ADMIXTURE Version 1.3.0                  ****
****                    Copyright 2008-2015                     ****
****           David Alexander, Suyash Shringarpure,            ****
****                John  Novembre, Ken Lange                   ****
****                                                            ****
****                 Please cite our paper!                     ****
****   Information at www.genetics.ucla.edu/software/admixture  ****

Cross-validation will be performed.  Folds=10.
Parallel execution requested.  Will use 8 threads.
Random seed: 43
Point estimation method: Block relaxation algorithm
Convergence acceleration algorithm: QuasiNewton, 3 secant conditions
Point estimation will terminate when objective function delta < 0.0001
Will perform 2000 bootstrap resamplings to estimate standard errors.
Reestimation for each bootstrap replicate will terminate at 3 iterations
Size of G: 241x831
Average base pair separation between consecutive markers: 0.0759036
Block size that will be used for block bootstrap: 131746032
Performing five EM steps to prime main algorithm
1 (EM) 	Elapsed: 0.024	Loglikelihood: -120497	(delta): 142770
2 (EM) 	Elapsed: 0.024	Loglikelihood: -114932	(delta): 5564.59
3 (EM) 	Elapsed: 0.024	Loglikelihood: -113697	(delta): 1235.18
4 (EM) 	Elapsed: 0.025	Loglikelihood: -112741	(delta): 955.554
5 (EM) 	Elapsed: 0.024	Loglikelihood: -111637	(delta): 1103.94
Initial loglikelihood: -111637
Starting main algorithm
1 (QN/Block) 	Elapsed: 0.035	Loglikelihood: -80889.3	(delta): 30747.9
2 (QN/Block) 	Elapsed: 0.033	Loglikelihood: -78039.1	(delta): 2850.27
3 (QN/Block) 	Elapsed: 0.036	Loglikelihood: -76271.5	(delta): 1767.56
4 (QN/Block) 	Elapsed: 0.035	Loglikelihood: -75258.7	(delta): 1012.82
5 (QN/Block) 	Elapsed: 0.037	Loglikelihood: -74878	(delta): 380.661
6 (QN/Block) 	Elapsed: 0.036	Loglikelihood: -74726.2	(delta): 151.843
7 (QN/Block) 	Elapsed: 0.034	Loglikelihood: -74630.7	(delta): 95.519
8 (QN/Block) 	Elapsed: 0.036	Loglikelihood: -74583.9	(delta): 46.757
9 (QN/Block) 	Elapsed: 0.037	Loglikelihood: -74559.1	(delta): 24.7975
10 (QN/Block) 	Elapsed: 0.061	Loglikelihood: -74539.3	(delta): 19.8001
11 (QN/Block) 	Elapsed: 0.049	Loglikelihood: -74518.6	(delta): 20.7294
12 (QN/Block) 	Elapsed: 0.037	Loglikelihood: -74497	(delta): 21.5571
13 (QN/Block) 	Elapsed: 0.036	Loglikelihood: -74483.9	(delta): 13.1527
14 (QN/Block) 	Elapsed: 0.037	Loglikelihood: -74470.8	(delta): 13.0579
15 (QN/Block) 	Elapsed: 0.038	Loglikelihood: -74460.8	(delta): 9.99515
16 (QN/Block) 	Elapsed: 0.038	Loglikelihood: -74455.6	(delta): 5.24225
17 (QN/Block) 	Elapsed: 0.037	Loglikelihood: -74452.5	(delta): 3.05336
18 (QN/Block) 	Elapsed: 0.038	Loglikelihood: -74448.8	(delta): 3.70214
19 (QN/Block) 	Elapsed: 0.034	Loglikelihood: -74445.2	(delta): 3.63357
20 (QN/Block) 	Elapsed: 0.037	Loglikelihood: -74442.3	(delta): 2.90196
21 (QN/Block) 	Elapsed: 0.04	Loglikelihood: -74440.8	(delta): 1.49614
22 (QN/Block) 	Elapsed: 0.048	Loglikelihood: -74438.8	(delta): 1.9672
23 (QN/Block) 	Elapsed: 0.039	Loglikelihood: -74435.4	(delta): 3.45634
24 (QN/Block) 	Elapsed: 0.036	Loglikelihood: -74433	(delta): 2.33424
25 (QN/Block) 	Elapsed: 0.037	Loglikelihood: -74430.8	(delta): 2.26041
26 (QN/Block) 	Elapsed: 0.035	Loglikelihood: -74425.7	(delta): 5.08431
27 (QN/Block) 	Elapsed: 0.038	Loglikelihood: -74423.1	(delta): 2.56458
28 (QN/Block) 	Elapsed: 0.038	Loglikelihood: -74418.4	(delta): 4.74325
29 (QN/Block) 	Elapsed: 0.041	Loglikelihood: -74416.7	(delta): 1.70181
30 (QN/Block) 	Elapsed: 0.038	Loglikelihood: -74415.1	(delta): 1.52982
31 (QN/Block) 	Elapsed: 0.039	Loglikelihood: -74412.6	(delta): 2.5688
32 (QN/Block) 	Elapsed: 0.037	Loglikelihood: -74401.2	(delta): 11.415
33 (QN/Block) 	Elapsed: 0.039	Loglikelihood: -74348.9	(delta): 52.2492
34 (QN/Block) 	Elapsed: 0.037	Loglikelihood: -74236.9	(delta): 111.97
35 (QN/Block) 	Elapsed: 0.039	Loglikelihood: -74166.6	(delta): 70.367
36 (QN/Block) 	Elapsed: 0.038	Loglikelihood: -74151.4	(delta): 15.1309
37 (QN/Block) 	Elapsed: 0.038	Loglikelihood: -74147.2	(delta): 4.28288
38 (QN/Block) 	Elapsed: 0.036	Loglikelihood: -74143.7	(delta): 3.49677
39 (QN/Block) 	Elapsed: 0.036	Loglikelihood: -74142.6	(delta): 1.03853
40 (QN/Block) 	Elapsed: 0.04	Loglikelihood: -74141.9	(delta): 0.772032
41 (QN/Block) 	Elapsed: 0.038	Loglikelihood: -74141.6	(delta): 0.254308
42 (QN/Block) 	Elapsed: 0.039	Loglikelihood: -74141.5	(delta): 0.0713775
43 (QN/Block) 	Elapsed: 0.035	Loglikelihood: -74141.5	(delta): 0.0454928
44 (QN/Block) 	Elapsed: 0.039	Loglikelihood: -74141.3	(delta): 0.160132
45 (QN/Block) 	Elapsed: 0.035	Loglikelihood: -74140.4	(delta): 0.916519
46 (QN/Block) 	Elapsed: 0.04	Loglikelihood: -74138.5	(delta): 1.91017
47 (QN/Block) 	Elapsed: 0.043	Loglikelihood: -74138.1	(delta): 0.376121
48 (QN/Block) 	Elapsed: 0.048	Loglikelihood: -74137.5	(delta): 0.622742
49 (QN/Block) 	Elapsed: 0.045	Loglikelihood: -74137.2	(delta): 0.316895
50 (QN/Block) 	Elapsed: 0.041	Loglikelihood: -74136.8	(delta): 0.359303
51 (QN/Block) 	Elapsed: 0.039	Loglikelihood: -74136.8	(delta): 0.0717958
52 (QN/Block) 	Elapsed: 0.039	Loglikelihood: -74136.7	(delta): 0.0156809
53 (QN/Block) 	Elapsed: 0.037	Loglikelihood: -74136.7	(delta): 0.0149195
54 (QN/Block) 	Elapsed: 0.038	Loglikelihood: -74136.7	(delta): 0.0177653
55 (QN/Block) 	Elapsed: 0.037	Loglikelihood: -74136.7	(delta): 0.0223934
56 (QN/Block) 	Elapsed: 0.036	Loglikelihood: -74136.7	(delta): 0.0286389
57 (QN/Block) 	Elapsed: 0.037	Loglikelihood: -74136.6	(delta): 0.0241688
58 (QN/Block) 	Elapsed: 0.038	Loglikelihood: -74136.6	(delta): 0.0101599
59 (QN/Block) 	Elapsed: 0.038	Loglikelihood: -74136.6	(delta): 0.000486799
60 (QN/Block) 	Elapsed: 0.037	Loglikelihood: -74136.6	(delta): 0.000121357
61 (QN/Block) 	Elapsed: 0.036	Loglikelihood: -74136.6	(delta): 3.57522e-05
Summary: 
Converged in 61 iterations (2.55 sec)
Loglikelihood: -74136.619540
Fst divergences between estimated populations: 
	Pop0	Pop1	Pop2	Pop3	Pop4	Pop5	Pop6	
Pop0	
Pop1	0.559	
Pop2	0.457	0.649	
Pop3	0.742	0.638	0.819	
Pop4	0.439	0.410	0.533	0.733	
Pop5	0.424	0.634	0.083	0.801	0.509	
Pop6	0.431	0.409	0.511	0.731	0.021	0.487	
Pop7	0.422	0.634	0.074	0.802	0.514	0.071	0.492	
CV error (K=8): 0.26205
Bootstrap replicate #0
