****                   ADMIXTURE Version 1.3.0                  ****
****                    Copyright 2008-2015                     ****
****           David Alexander, Suyash Shringarpure,            ****
****                John  Novembre, Ken Lange                   ****
****                                                            ****
****                 Please cite our paper!                     ****
****   Information at www.genetics.ucla.edu/software/admixture  ****

Cross-validation will be performed.  Folds=10.
Parallel execution requested.  Will use 8 threads.
Random seed: 43
Point estimation method: Block relaxation algorithm
Convergence acceleration algorithm: QuasiNewton, 3 secant conditions
Point estimation will terminate when objective function delta < 0.0001
Will perform 2000 bootstrap resamplings to estimate standard errors.
Reestimation for each bootstrap replicate will terminate at 3 iterations
Size of G: 241x831
Average base pair separation between consecutive markers: 0.0759036
Block size that will be used for block bootstrap: 131746032
Performing five EM steps to prime main algorithm
1 (EM) 	Elapsed: 0.028	Loglikelihood: -120714	(delta): 140632
2 (EM) 	Elapsed: 0.028	Loglikelihood: -114941	(delta): 5773.14
3 (EM) 	Elapsed: 0.028	Loglikelihood: -113703	(delta): 1237.92
4 (EM) 	Elapsed: 0.028	Loglikelihood: -112722	(delta): 981.724
5 (EM) 	Elapsed: 0.028	Loglikelihood: -111517	(delta): 1204.68
Initial loglikelihood: -111517
Starting main algorithm
1 (QN/Block) 	Elapsed: 0.037	Loglikelihood: -81091.4	(delta): 30425.5
2 (QN/Block) 	Elapsed: 0.037	Loglikelihood: -78044.7	(delta): 3046.7
3 (QN/Block) 	Elapsed: 0.042	Loglikelihood: -75865.6	(delta): 2179.09
4 (QN/Block) 	Elapsed: 0.042	Loglikelihood: -74888	(delta): 977.649
5 (QN/Block) 	Elapsed: 0.038	Loglikelihood: -74436.4	(delta): 451.59
6 (QN/Block) 	Elapsed: 0.037	Loglikelihood: -74097.4	(delta): 339.02
7 (QN/Block) 	Elapsed: 0.041	Loglikelihood: -73950.6	(delta): 146.775
8 (QN/Block) 	Elapsed: 0.041	Loglikelihood: -73887.7	(delta): 62.8453
9 (QN/Block) 	Elapsed: 0.037	Loglikelihood: -73835.1	(delta): 52.6833
10 (QN/Block) 	Elapsed: 0.037	Loglikelihood: -73789	(delta): 46.0983
11 (QN/Block) 	Elapsed: 0.038	Loglikelihood: -73758.3	(delta): 30.6338
12 (QN/Block) 	Elapsed: 0.04	Loglikelihood: -73739	(delta): 19.3721
13 (QN/Block) 	Elapsed: 0.039	Loglikelihood: -73717.4	(delta): 21.5482
14 (QN/Block) 	Elapsed: 0.037	Loglikelihood: -73686.4	(delta): 30.9672
15 (QN/Block) 	Elapsed: 0.037	Loglikelihood: -73658.8	(delta): 27.6254
16 (QN/Block) 	Elapsed: 0.038	Loglikelihood: -73642.5	(delta): 16.3047
17 (QN/Block) 	Elapsed: 0.038	Loglikelihood: -73628.1	(delta): 14.4078
18 (QN/Block) 	Elapsed: 0.038	Loglikelihood: -73613.5	(delta): 14.5969
19 (QN/Block) 	Elapsed: 0.039	Loglikelihood: -73601.7	(delta): 11.8548
20 (QN/Block) 	Elapsed: 0.039	Loglikelihood: -73592.3	(delta): 9.36305
21 (QN/Block) 	Elapsed: 0.037	Loglikelihood: -73582.3	(delta): 9.94256
22 (QN/Block) 	Elapsed: 0.041	Loglikelihood: -73576.2	(delta): 6.16479
23 (QN/Block) 	Elapsed: 0.042	Loglikelihood: -73571.7	(delta): 4.47259
24 (QN/Block) 	Elapsed: 0.04	Loglikelihood: -73570.4	(delta): 1.3341
25 (QN/Block) 	Elapsed: 0.04	Loglikelihood: -73568.8	(delta): 1.54696
26 (QN/Block) 	Elapsed: 0.04	Loglikelihood: -73568.1	(delta): 0.735023
27 (QN/Block) 	Elapsed: 0.043	Loglikelihood: -73567.9	(delta): 0.177936
28 (QN/Block) 	Elapsed: 0.04	Loglikelihood: -73567.7	(delta): 0.209682
29 (QN/Block) 	Elapsed: 0.039	Loglikelihood: -73567.4	(delta): 0.273596
30 (QN/Block) 	Elapsed: 0.04	Loglikelihood: -73566.9	(delta): 0.566006
31 (QN/Block) 	Elapsed: 0.039	Loglikelihood: -73566.5	(delta): 0.368842
32 (QN/Block) 	Elapsed: 0.04	Loglikelihood: -73566.1	(delta): 0.442724
33 (QN/Block) 	Elapsed: 0.041	Loglikelihood: -73565.8	(delta): 0.240634
34 (QN/Block) 	Elapsed: 0.037	Loglikelihood: -73565.8	(delta): 0.0582141
35 (QN/Block) 	Elapsed: 0.04	Loglikelihood: -73565.5	(delta): 0.213361
36 (QN/Block) 	Elapsed: 0.04	Loglikelihood: -73565.4	(delta): 0.109441
37 (QN/Block) 	Elapsed: 0.04	Loglikelihood: -73565.3	(delta): 0.0865581
38 (QN/Block) 	Elapsed: 0.039	Loglikelihood: -73565.2	(delta): 0.129146
39 (QN/Block) 	Elapsed: 0.04	Loglikelihood: -73564.1	(delta): 1.16572
40 (QN/Block) 	Elapsed: 0.04	Loglikelihood: -73562.3	(delta): 1.70691
41 (QN/Block) 	Elapsed: 0.038	Loglikelihood: -73562.2	(delta): 0.112003
42 (QN/Block) 	Elapsed: 0.043	Loglikelihood: -73562.2	(delta): 0.0387903
43 (QN/Block) 	Elapsed: 0.054	Loglikelihood: -73562.2	(delta): 0.0325525
44 (QN/Block) 	Elapsed: 0.047	Loglikelihood: -73562.1	(delta): 0.0247311
45 (QN/Block) 	Elapsed: 0.039	Loglikelihood: -73562.1	(delta): 0.00632162
46 (QN/Block) 	Elapsed: 0.038	Loglikelihood: -73562.1	(delta): 0.012245
47 (QN/Block) 	Elapsed: 0.039	Loglikelihood: -73562	(delta): 0.104868
48 (QN/Block) 	Elapsed: 0.042	Loglikelihood: -73562	(delta): 0.0410196
49 (QN/Block) 	Elapsed: 0.041	Loglikelihood: -73562	(delta): 0.00244279
50 (QN/Block) 	Elapsed: 0.04	Loglikelihood: -73562	(delta): 0.00244161
51 (QN/Block) 	Elapsed: 0.04	Loglikelihood: -73562	(delta): 0.000256715
52 (QN/Block) 	Elapsed: 0.039	Loglikelihood: -73562	(delta): 0.000129269
53 (QN/Block) 	Elapsed: 0.051	Loglikelihood: -73562	(delta): 0.00013961
54 (QN/Block) 	Elapsed: 0.04	Loglikelihood: -73562	(delta): 0.000156786
55 (QN/Block) 	Elapsed: 0.042	Loglikelihood: -73562	(delta): 0.000177434
56 (QN/Block) 	Elapsed: 0.04	Loglikelihood: -73562	(delta): 0.000200914
57 (QN/Block) 	Elapsed: 0.039	Loglikelihood: -73562	(delta): 0.000227151
58 (QN/Block) 	Elapsed: 0.04	Loglikelihood: -73562	(delta): 0.000216177
59 (QN/Block) 	Elapsed: 0.039	Loglikelihood: -73562	(delta): 4.47765e-05
Summary: 
Converged in 59 iterations (2.58 sec)
Loglikelihood: -73561.965915
Fst divergences between estimated populations: 
	Pop0	Pop1	Pop2	Pop3	Pop4	Pop5	Pop6	Pop7	
Pop0	
Pop1	0.637	
Pop2	0.632	0.096	
Pop3	0.642	0.106	0.117	
Pop4	0.649	0.074	0.098	0.084	
Pop5	0.406	0.478	0.465	0.492	0.495	
Pop6	0.407	0.467	0.457	0.481	0.485	0.016	
Pop7	0.616	0.782	0.780	0.786	0.797	0.715	0.713	
Pop8	0.406	0.463	0.455	0.476	0.481	0.019	0.012	0.710	
CV error (K=9): 0.27042
Bootstrap replicate #0
